In clock cycle: 4
Register Write to Reg: 0x02 Val: 0x7FFFF000
In clock cycle: 5
Register Write to Reg: 0x02 Val: 0x7FFFF0F0
In clock cycle: 6
Register Write to Reg: 0x05 Val: 0x10010008
In clock cycle: 7
Register Write to Reg: 0x05 Val: 0x10010000
In clock cycle: 8
Register Write to Reg: 0x0A Val: 0x00000008
In clock cycle: 9
Register Write to Reg: 0x0B Val: 0x10010014
In clock cycle: 10
Register Write to Reg: 0x0B Val: 0x10010004
In clock cycle: 11
Register Write to Reg: 0x0C Val: 0x1001001C
In clock cycle: 12
Register Write to Reg: 0x0C Val: 0x10010024
In clock cycle: 13
Register Write to Reg: 0x0D Val: 0x00000001
In clock cycle: 16
Register Write to Reg: 0x00 Val: 0x00000000
In clock cycle: 17
Register Write to Reg: 0x0E Val: 0x00000000
In clock cycle: 18
Register Write to Reg: 0x0F Val: 0x00000007
In clock cycle: 20
Register Write to Reg: 0x10 Val: 0x00000001
In clock cycle: 21
Register Write to Reg: 0x10 Val: 0x00000000
In clock cycle: 22
Register Write to Reg: 0x12 Val: 0x00000007
In clock cycle: 25
Register Write to Reg: 0x00 Val: 0x00000000
In clock cycle: 26
Register Write to Reg: 0x11 Val: 0x00000002
In clock cycle: 27
Register Write to Reg: 0x11 Val: 0x00000002
In clock cycle: 28
Register Write to Reg: 0x11 Val: 0x00000001
In clock cycle: 31
Register Write to Reg: 0x00 Val: 0x00000000
In clock cycle: 32
Register Write to Reg: 0x01 Val: 0x00400068
In clock cycle: 34
Register Write to Reg: 0x00 Val: 0x00000000
In clock cycle: 35
Register Write to Reg: 0x14 Val: 0x00000000
In clock cycle: 36
Register Write to Reg: 0x15 Val: 0x00000001
In clock cycle: 37
Register Write to Reg: 0x16 Val: 0x00000000
In clock cycle: 38
Register Write to Reg: 0x06 Val: 0x00000001
In clock cycle: 39
Register Write to Reg: 0x07 Val: 0x00000002
In clock cycle: 42
Register Write to Reg: 0x00 Val: 0x00000000
In clock cycle: 45
Register Write to Reg: 0x00 Val: 0x00000000
In clock cycle: 46
Register Write to Reg: 0x17 Val: 0x00000000
In clock cycle: 47
Register Write to Reg: 0x17 Val: 0x10010004
In clock cycle: 48
Register Write to Reg: 0x18 Val: 0x00000007
In clock cycle: 49
Register Write to Reg: 0x19 Val: 0x00000004
In clock cycle: 50
Register Write to Reg: 0x19 Val: 0x10010008
In clock cycle: 51
Register Write to Reg: 0x1A Val: 0x00000002
In clock cycle: 55
Register Write to Reg: 0x00 Val: 0x00000000
In clock cycle: 56
Register Write to Reg: 0x1B Val: 0x00000000
In clock cycle: 57
Register Write to Reg: 0x1B Val: 0x10010024
In clock cycle: 57
Memory Write to Addr: 0x10010024 Val: 0x00000002
In clock cycle: 59
Register Write to Reg: 0x15 Val: 0x00000002
In clock cycle: 60
Register Write to Reg: 0x16 Val: 0x00000001
In clock cycle: 61
Register Write to Reg: 0x00 Val: 0x004000EC
In clock cycle: 63
Register Write to Reg: 0x00 Val: 0x00000000
In clock cycle: 66
Register Write to Reg: 0x00 Val: 0x00000000
In clock cycle: 68
Register Write to Reg: 0x00 Val: 0x004000A0
In clock cycle: 70
Register Write to Reg: 0x00 Val: 0x00000000
In clock cycle: 73
Register Write to Reg: 0x00 Val: 0x00000000
In clock cycle: 74
Register Write to Reg: 0x17 Val: 0x00000000
In clock cycle: 75
Register Write to Reg: 0x17 Val: 0x10010004
In clock cycle: 76
Register Write to Reg: 0x18 Val: 0x00000007
In clock cycle: 77
Register Write to Reg: 0x1B Val: 0x00000004
In clock cycle: 78
Register Write to Reg: 0x1B Val: 0x10010028
In clock cycle: 78
Memory Write to Addr: 0x10010028 Val: 0x00000007
In clock cycle: 80
Register Write to Reg: 0x14 Val: 0x00000001
In clock cycle: 81
Register Write to Reg: 0x16 Val: 0x00000002
In clock cycle: 82
Register Write to Reg: 0x00 Val: 0x00400118
In clock cycle: 84
Register Write to Reg: 0x00 Val: 0x00000000
In clock cycle: 86
Register Write to Reg: 0x00 Val: 0x004000F4
In clock cycle: 88
Register Write to Reg: 0x00 Val: 0x00000000
In clock cycle: 89
Register Write to Reg: 0x1C Val: 0x00000000
In clock cycle: 90
Register Write to Reg: 0x1D Val: 0x00000001
In clock cycle: 92
Register Write to Reg: 0x1E Val: 0x00000000
In clock cycle: 93
Register Write to Reg: 0x1E Val: 0x10010024
In clock cycle: 94
Register Write to Reg: 0x1F Val: 0x00000002
In clock cycle: 95
Register Write to Reg: 0x1E Val: 0x00000000
In clock cycle: 96
Register Write to Reg: 0x1E Val: 0x00000000
In clock cycle: 97
Register Write to Reg: 0x1E Val: 0x10010004
In clock cycle: 97
Memory Write to Addr: 0x10010004 Val: 0x00000002
In clock cycle: 99
Register Write to Reg: 0x1C Val: 0x00000001
In clock cycle: 100
Register Write to Reg: 0x00 Val: 0x00400174
In clock cycle: 102
Register Write to Reg: 0x00 Val: 0x00000000
In clock cycle: 103
Register Write to Reg: 0x1D Val: 0x00000001
In clock cycle: 105
Register Write to Reg: 0x1E Val: 0x00000004
In clock cycle: 106
Register Write to Reg: 0x1E Val: 0x10010028
In clock cycle: 107
Register Write to Reg: 0x1F Val: 0x00000007
In clock cycle: 108
Register Write to Reg: 0x1E Val: 0x00000001
In clock cycle: 109
Register Write to Reg: 0x1E Val: 0x00000004
In clock cycle: 110
Register Write to Reg: 0x1E Val: 0x10010008
In clock cycle: 110
Memory Write to Addr: 0x10010008 Val: 0x00000007
In clock cycle: 112
Register Write to Reg: 0x1C Val: 0x00000002
In clock cycle: 113
Register Write to Reg: 0x00 Val: 0x00400174
In clock cycle: 115
Register Write to Reg: 0x00 Val: 0x00000000
In clock cycle: 116
Register Write to Reg: 0x1D Val: 0x00000000
In clock cycle: 119
Register Write to Reg: 0x00 Val: 0x00000000
In clock cycle: 120
Register Write to Reg: 0x00 Val: 0x00400178
In clock cycle: 122
Register Write to Reg: 0x00 Val: 0x00000000
In clock cycle: 123
Register Write to Reg: 0x13 Val: 0x00000002
In clock cycle: 124
Register Write to Reg: 0x0E Val: 0x00000002
In clock cycle: 125
Register Write to Reg: 0x00 Val: 0x00400074
In clock cycle: 127
Register Write to Reg: 0x00 Val: 0x00000000
In clock cycle: 128
Register Write to Reg: 0x0F Val: 0x00000007
In clock cycle: 130
Register Write to Reg: 0x10 Val: 0x00000003
In clock cycle: 131
Register Write to Reg: 0x10 Val: 0x00000002
In clock cycle: 132
Register Write to Reg: 0x12 Val: 0x00000007
In clock cycle: 135
Register Write to Reg: 0x00 Val: 0x00000000
In clock cycle: 136
Register Write to Reg: 0x11 Val: 0x00000002
In clock cycle: 137
Register Write to Reg: 0x11 Val: 0x00000004
In clock cycle: 138
Register Write to Reg: 0x11 Val: 0x00000003
In clock cycle: 141
Register Write to Reg: 0x00 Val: 0x00000000
In clock cycle: 142
Register Write to Reg: 0x01 Val: 0x00400068
In clock cycle: 144
Register Write to Reg: 0x00 Val: 0x00000000
In clock cycle: 145
Register Write to Reg: 0x14 Val: 0x00000002
In clock cycle: 146
Register Write to Reg: 0x15 Val: 0x00000003
In clock cycle: 147
Register Write to Reg: 0x16 Val: 0x00000000
In clock cycle: 148
Register Write to Reg: 0x06 Val: 0x00000003
In clock cycle: 149
Register Write to Reg: 0x07 Val: 0x00000004
In clock cycle: 152
Register Write to Reg: 0x00 Val: 0x00000000
In clock cycle: 155
Register Write to Reg: 0x00 Val: 0x00000000
In clock cycle: 156
Register Write to Reg: 0x17 Val: 0x00000008
In clock cycle: 157
Register Write to Reg: 0x17 Val: 0x1001000C
In clock cycle: 158
Register Write to Reg: 0x18 Val: 0x00000009
In clock cycle: 159
Register Write to Reg: 0x19 Val: 0x0000000C
In clock cycle: 160
Register Write to Reg: 0x19 Val: 0x10010010
In clock cycle: 161
Register Write to Reg: 0x1A Val: 0x00000001
In clock cycle: 165
Register Write to Reg: 0x00 Val: 0x00000000
In clock cycle: 166
Register Write to Reg: 0x1B Val: 0x00000000
In clock cycle: 167
Register Write to Reg: 0x1B Val: 0x10010024
In clock cycle: 167
Memory Write to Addr: 0x10010024 Val: 0x00000001
In clock cycle: 169
Register Write to Reg: 0x15 Val: 0x00000004
In clock cycle: 170
Register Write to Reg: 0x16 Val: 0x00000001
In clock cycle: 171
Register Write to Reg: 0x00 Val: 0x004000EC
In clock cycle: 173
Register Write to Reg: 0x00 Val: 0x00000000
In clock cycle: 176
Register Write to Reg: 0x00 Val: 0x00000000
In clock cycle: 178
Register Write to Reg: 0x00 Val: 0x004000A0
In clock cycle: 180
Register Write to Reg: 0x00 Val: 0x00000000
In clock cycle: 183
Register Write to Reg: 0x00 Val: 0x00000000
In clock cycle: 184
Register Write to Reg: 0x17 Val: 0x00000008
In clock cycle: 185
Register Write to Reg: 0x17 Val: 0x1001000C
In clock cycle: 186
Register Write to Reg: 0x18 Val: 0x00000009
In clock cycle: 187
Register Write to Reg: 0x1B Val: 0x00000004
In clock cycle: 188
Register Write to Reg: 0x1B Val: 0x10010028
In clock cycle: 188
Memory Write to Addr: 0x10010028 Val: 0x00000009
In clock cycle: 190
Register Write to Reg: 0x14 Val: 0x00000003
In clock cycle: 191
Register Write to Reg: 0x16 Val: 0x00000002
In clock cycle: 192
Register Write to Reg: 0x00 Val: 0x00400118
In clock cycle: 194
Register Write to Reg: 0x00 Val: 0x00000000
In clock cycle: 196
Register Write to Reg: 0x00 Val: 0x004000F4
In clock cycle: 198
Register Write to Reg: 0x00 Val: 0x00000000
In clock cycle: 199
Register Write to Reg: 0x1C Val: 0x00000000
In clock cycle: 200
Register Write to Reg: 0x1D Val: 0x00000001
In clock cycle: 202
Register Write to Reg: 0x1E Val: 0x00000000
In clock cycle: 203
Register Write to Reg: 0x1E Val: 0x10010024
In clock cycle: 204
Register Write to Reg: 0x1F Val: 0x00000001
In clock cycle: 205
Register Write to Reg: 0x1E Val: 0x00000002
In clock cycle: 206
Register Write to Reg: 0x1E Val: 0x00000008
In clock cycle: 207
Register Write to Reg: 0x1E Val: 0x1001000C
In clock cycle: 207
Memory Write to Addr: 0x1001000C Val: 0x00000001
In clock cycle: 209
Register Write to Reg: 0x1C Val: 0x00000001
In clock cycle: 210
Register Write to Reg: 0x00 Val: 0x00400174
In clock cycle: 212
Register Write to Reg: 0x00 Val: 0x00000000
In clock cycle: 213
Register Write to Reg: 0x1D Val: 0x00000001
In clock cycle: 215
Register Write to Reg: 0x1E Val: 0x00000004
In clock cycle: 216
Register Write to Reg: 0x1E Val: 0x10010028
In clock cycle: 217
Register Write to Reg: 0x1F Val: 0x00000009
In clock cycle: 218
Register Write to Reg: 0x1E Val: 0x00000003
In clock cycle: 219
Register Write to Reg: 0x1E Val: 0x0000000C
In clock cycle: 220
Register Write to Reg: 0x1E Val: 0x10010010
In clock cycle: 220
Memory Write to Addr: 0x10010010 Val: 0x00000009
In clock cycle: 222
Register Write to Reg: 0x1C Val: 0x00000002
In clock cycle: 223
Register Write to Reg: 0x00 Val: 0x00400174
In clock cycle: 225
Register Write to Reg: 0x00 Val: 0x00000000
In clock cycle: 226
Register Write to Reg: 0x1D Val: 0x00000000
In clock cycle: 229
Register Write to Reg: 0x00 Val: 0x00000000
In clock cycle: 230
Register Write to Reg: 0x00 Val: 0x00400178
In clock cycle: 232
Register Write to Reg: 0x00 Val: 0x00000000
In clock cycle: 233
Register Write to Reg: 0x13 Val: 0x00000002
In clock cycle: 234
Register Write to Reg: 0x0E Val: 0x00000004
In clock cycle: 235
Register Write to Reg: 0x00 Val: 0x00400074
In clock cycle: 237
Register Write to Reg: 0x00 Val: 0x00000000
In clock cycle: 238
Register Write to Reg: 0x0F Val: 0x00000007
In clock cycle: 240
Register Write to Reg: 0x10 Val: 0x00000005
In clock cycle: 241
Register Write to Reg: 0x10 Val: 0x00000004
In clock cycle: 242
Register Write to Reg: 0x12 Val: 0x00000007
In clock cycle: 245
Register Write to Reg: 0x00 Val: 0x00000000
In clock cycle: 246
Register Write to Reg: 0x11 Val: 0x00000002
In clock cycle: 247
Register Write to Reg: 0x11 Val: 0x00000006
In clock cycle: 248
Register Write to Reg: 0x11 Val: 0x00000005
In clock cycle: 251
Register Write to Reg: 0x00 Val: 0x00000000
In clock cycle: 252
Register Write to Reg: 0x01 Val: 0x00400068
In clock cycle: 254
Register Write to Reg: 0x00 Val: 0x00000000
In clock cycle: 255
Register Write to Reg: 0x14 Val: 0x00000004
In clock cycle: 256
Register Write to Reg: 0x15 Val: 0x00000005
In clock cycle: 257
Register Write to Reg: 0x16 Val: 0x00000000
In clock cycle: 258
Register Write to Reg: 0x06 Val: 0x00000005
In clock cycle: 259
Register Write to Reg: 0x07 Val: 0x00000006
In clock cycle: 262
Register Write to Reg: 0x00 Val: 0x00000000
In clock cycle: 265
Register Write to Reg: 0x00 Val: 0x00000000
In clock cycle: 266
Register Write to Reg: 0x17 Val: 0x00000010
In clock cycle: 267
Register Write to Reg: 0x17 Val: 0x10010014
In clock cycle: 268
Register Write to Reg: 0x18 Val: 0x00000006
In clock cycle: 269
Register Write to Reg: 0x19 Val: 0x00000014
In clock cycle: 270
Register Write to Reg: 0x19 Val: 0x10010018
In clock cycle: 271
Register Write to Reg: 0x1A Val: 0x00000003
In clock cycle: 275
Register Write to Reg: 0x00 Val: 0x00000000
In clock cycle: 276
Register Write to Reg: 0x1B Val: 0x00000000
In clock cycle: 277
Register Write to Reg: 0x1B Val: 0x10010024
In clock cycle: 277
Memory Write to Addr: 0x10010024 Val: 0x00000003
In clock cycle: 279
Register Write to Reg: 0x15 Val: 0x00000006
In clock cycle: 280
Register Write to Reg: 0x16 Val: 0x00000001
In clock cycle: 281
Register Write to Reg: 0x00 Val: 0x004000EC
In clock cycle: 283
Register Write to Reg: 0x00 Val: 0x00000000
In clock cycle: 286
Register Write to Reg: 0x00 Val: 0x00000000
In clock cycle: 288
Register Write to Reg: 0x00 Val: 0x004000A0
In clock cycle: 290
Register Write to Reg: 0x00 Val: 0x00000000
In clock cycle: 293
Register Write to Reg: 0x00 Val: 0x00000000
In clock cycle: 294
Register Write to Reg: 0x17 Val: 0x00000010
In clock cycle: 295
Register Write to Reg: 0x17 Val: 0x10010014
In clock cycle: 296
Register Write to Reg: 0x18 Val: 0x00000006
In clock cycle: 297
Register Write to Reg: 0x1B Val: 0x00000004
In clock cycle: 298
Register Write to Reg: 0x1B Val: 0x10010028
In clock cycle: 298
Memory Write to Addr: 0x10010028 Val: 0x00000006
In clock cycle: 300
Register Write to Reg: 0x14 Val: 0x00000005
In clock cycle: 301
Register Write to Reg: 0x16 Val: 0x00000002
In clock cycle: 302
Register Write to Reg: 0x00 Val: 0x00400118
In clock cycle: 304
Register Write to Reg: 0x00 Val: 0x00000000
In clock cycle: 306
Register Write to Reg: 0x00 Val: 0x004000F4
In clock cycle: 308
Register Write to Reg: 0x00 Val: 0x00000000
In clock cycle: 309
Register Write to Reg: 0x1C Val: 0x00000000
In clock cycle: 310
Register Write to Reg: 0x1D Val: 0x00000001
In clock cycle: 312
Register Write to Reg: 0x1E Val: 0x00000000
In clock cycle: 313
Register Write to Reg: 0x1E Val: 0x10010024
In clock cycle: 314
Register Write to Reg: 0x1F Val: 0x00000003
In clock cycle: 315
Register Write to Reg: 0x1E Val: 0x00000004
In clock cycle: 316
Register Write to Reg: 0x1E Val: 0x00000010
In clock cycle: 317
Register Write to Reg: 0x1E Val: 0x10010014
In clock cycle: 317
Memory Write to Addr: 0x10010014 Val: 0x00000003
In clock cycle: 319
Register Write to Reg: 0x1C Val: 0x00000001
In clock cycle: 320
Register Write to Reg: 0x00 Val: 0x00400174
In clock cycle: 322
Register Write to Reg: 0x00 Val: 0x00000000
In clock cycle: 323
Register Write to Reg: 0x1D Val: 0x00000001
In clock cycle: 325
Register Write to Reg: 0x1E Val: 0x00000004
In clock cycle: 326
Register Write to Reg: 0x1E Val: 0x10010028
In clock cycle: 327
Register Write to Reg: 0x1F Val: 0x00000006
In clock cycle: 328
Register Write to Reg: 0x1E Val: 0x00000005
In clock cycle: 329
Register Write to Reg: 0x1E Val: 0x00000014
In clock cycle: 330
Register Write to Reg: 0x1E Val: 0x10010018
In clock cycle: 330
Memory Write to Addr: 0x10010018 Val: 0x00000006
In clock cycle: 332
Register Write to Reg: 0x1C Val: 0x00000002
In clock cycle: 333
Register Write to Reg: 0x00 Val: 0x00400174
In clock cycle: 335
Register Write to Reg: 0x00 Val: 0x00000000
In clock cycle: 336
Register Write to Reg: 0x1D Val: 0x00000000
In clock cycle: 339
Register Write to Reg: 0x00 Val: 0x00000000
In clock cycle: 340
Register Write to Reg: 0x00 Val: 0x00400178
In clock cycle: 342
Register Write to Reg: 0x00 Val: 0x00000000
In clock cycle: 343
Register Write to Reg: 0x13 Val: 0x00000002
In clock cycle: 344
Register Write to Reg: 0x0E Val: 0x00000006
In clock cycle: 345
Register Write to Reg: 0x00 Val: 0x00400074
In clock cycle: 347
Register Write to Reg: 0x00 Val: 0x00000000
In clock cycle: 348
Register Write to Reg: 0x0F Val: 0x00000007
In clock cycle: 350
Register Write to Reg: 0x10 Val: 0x00000007
In clock cycle: 351
Register Write to Reg: 0x10 Val: 0x00000006
In clock cycle: 352
Register Write to Reg: 0x12 Val: 0x00000007
In clock cycle: 355
Register Write to Reg: 0x00 Val: 0x00000000
In clock cycle: 356
Register Write to Reg: 0x11 Val: 0x00000002
In clock cycle: 357
Register Write to Reg: 0x11 Val: 0x00000008
In clock cycle: 358
Register Write to Reg: 0x11 Val: 0x00000007
In clock cycle: 360
Register Write to Reg: 0x11 Val: 0x00000007
In clock cycle: 361
Register Write to Reg: 0x01 Val: 0x00400068
In clock cycle: 363
Register Write to Reg: 0x00 Val: 0x00000000
In clock cycle: 364
Register Write to Reg: 0x14 Val: 0x00000006
In clock cycle: 365
Register Write to Reg: 0x15 Val: 0x00000007
In clock cycle: 366
Register Write to Reg: 0x16 Val: 0x00000000
In clock cycle: 367
Register Write to Reg: 0x06 Val: 0x00000007
In clock cycle: 368
Register Write to Reg: 0x07 Val: 0x00000008
In clock cycle: 371
Register Write to Reg: 0x00 Val: 0x00000000
In clock cycle: 374
Register Write to Reg: 0x00 Val: 0x00000000
In clock cycle: 375
Register Write to Reg: 0x17 Val: 0x00000018
In clock cycle: 376
Register Write to Reg: 0x17 Val: 0x1001001C
In clock cycle: 377
Register Write to Reg: 0x18 Val: 0x00000008
In clock cycle: 378
Register Write to Reg: 0x19 Val: 0x0000001C
In clock cycle: 379
Register Write to Reg: 0x19 Val: 0x10010020
In clock cycle: 380
Register Write to Reg: 0x1A Val: 0x00000005
In clock cycle: 384
Register Write to Reg: 0x00 Val: 0x00000000
In clock cycle: 385
Register Write to Reg: 0x1B Val: 0x00000000
In clock cycle: 386
Register Write to Reg: 0x1B Val: 0x10010024
In clock cycle: 386
Memory Write to Addr: 0x10010024 Val: 0x00000005
In clock cycle: 388
Register Write to Reg: 0x15 Val: 0x00000008
In clock cycle: 389
Register Write to Reg: 0x16 Val: 0x00000001
In clock cycle: 390
Register Write to Reg: 0x00 Val: 0x004000EC
In clock cycle: 392
Register Write to Reg: 0x00 Val: 0x00000000
In clock cycle: 395
Register Write to Reg: 0x00 Val: 0x00000000
In clock cycle: 397
Register Write to Reg: 0x00 Val: 0x004000A0
In clock cycle: 399
Register Write to Reg: 0x00 Val: 0x00000000
In clock cycle: 402
Register Write to Reg: 0x00 Val: 0x00000000
In clock cycle: 403
Register Write to Reg: 0x17 Val: 0x00000018
In clock cycle: 404
Register Write to Reg: 0x17 Val: 0x1001001C
In clock cycle: 405
Register Write to Reg: 0x18 Val: 0x00000008
In clock cycle: 406
Register Write to Reg: 0x1B Val: 0x00000004
In clock cycle: 407
Register Write to Reg: 0x1B Val: 0x10010028
In clock cycle: 407
Memory Write to Addr: 0x10010028 Val: 0x00000008
In clock cycle: 409
Register Write to Reg: 0x14 Val: 0x00000007
In clock cycle: 410
Register Write to Reg: 0x16 Val: 0x00000002
In clock cycle: 411
Register Write to Reg: 0x00 Val: 0x00400118
In clock cycle: 413
Register Write to Reg: 0x00 Val: 0x00000000
In clock cycle: 415
Register Write to Reg: 0x00 Val: 0x004000F4
In clock cycle: 417
Register Write to Reg: 0x00 Val: 0x00000000
In clock cycle: 418
Register Write to Reg: 0x1C Val: 0x00000000
In clock cycle: 419
Register Write to Reg: 0x1D Val: 0x00000001
In clock cycle: 421
Register Write to Reg: 0x1E Val: 0x00000000
In clock cycle: 422
Register Write to Reg: 0x1E Val: 0x10010024
In clock cycle: 423
Register Write to Reg: 0x1F Val: 0x00000005
In clock cycle: 424
Register Write to Reg: 0x1E Val: 0x00000006
In clock cycle: 425
Register Write to Reg: 0x1E Val: 0x00000018
In clock cycle: 426
Register Write to Reg: 0x1E Val: 0x1001001C
In clock cycle: 426
Memory Write to Addr: 0x1001001C Val: 0x00000005
In clock cycle: 428
Register Write to Reg: 0x1C Val: 0x00000001
In clock cycle: 429
Register Write to Reg: 0x00 Val: 0x00400174
In clock cycle: 431
Register Write to Reg: 0x00 Val: 0x00000000
In clock cycle: 432
Register Write to Reg: 0x1D Val: 0x00000001
In clock cycle: 434
Register Write to Reg: 0x1E Val: 0x00000004
In clock cycle: 435
Register Write to Reg: 0x1E Val: 0x10010028
In clock cycle: 436
Register Write to Reg: 0x1F Val: 0x00000008
In clock cycle: 437
Register Write to Reg: 0x1E Val: 0x00000007
In clock cycle: 438
Register Write to Reg: 0x1E Val: 0x0000001C
In clock cycle: 439
Register Write to Reg: 0x1E Val: 0x10010020
In clock cycle: 439
Memory Write to Addr: 0x10010020 Val: 0x00000008
In clock cycle: 441
Register Write to Reg: 0x1C Val: 0x00000002
In clock cycle: 442
Register Write to Reg: 0x00 Val: 0x00400174
In clock cycle: 444
Register Write to Reg: 0x00 Val: 0x00000000
In clock cycle: 445
Register Write to Reg: 0x1D Val: 0x00000000
In clock cycle: 448
Register Write to Reg: 0x00 Val: 0x00000000
In clock cycle: 449
Register Write to Reg: 0x00 Val: 0x00400178
In clock cycle: 451
Register Write to Reg: 0x00 Val: 0x00000000
In clock cycle: 452
Register Write to Reg: 0x13 Val: 0x00000002
In clock cycle: 453
Register Write to Reg: 0x0E Val: 0x00000008
In clock cycle: 454
Register Write to Reg: 0x00 Val: 0x00400074
In clock cycle: 456
Register Write to Reg: 0x00 Val: 0x00000000
In clock cycle: 457
Register Write to Reg: 0x0F Val: 0x00000007
In clock cycle: 460
Register Write to Reg: 0x00 Val: 0x00000000
In clock cycle: 461
Register Write to Reg: 0x0D Val: 0x00000002
In clock cycle: 462
Register Write to Reg: 0x00 Val: 0x0040007C
In clock cycle: 464
Register Write to Reg: 0x00 Val: 0x00000000
In clock cycle: 467
Register Write to Reg: 0x00 Val: 0x00000000
In clock cycle: 468
Register Write to Reg: 0x0E Val: 0x00000000
In clock cycle: 469
Register Write to Reg: 0x0F Val: 0x00000007
In clock cycle: 471
Register Write to Reg: 0x10 Val: 0x00000002
In clock cycle: 472
Register Write to Reg: 0x10 Val: 0x00000001
In clock cycle: 473
Register Write to Reg: 0x12 Val: 0x00000007
In clock cycle: 476
Register Write to Reg: 0x00 Val: 0x00000000
In clock cycle: 477
Register Write to Reg: 0x11 Val: 0x00000004
In clock cycle: 478
Register Write to Reg: 0x11 Val: 0x00000004
In clock cycle: 479
Register Write to Reg: 0x11 Val: 0x00000003
In clock cycle: 482
Register Write to Reg: 0x00 Val: 0x00000000
In clock cycle: 483
Register Write to Reg: 0x01 Val: 0x00400068
In clock cycle: 485
Register Write to Reg: 0x00 Val: 0x00000000
In clock cycle: 486
Register Write to Reg: 0x14 Val: 0x00000000
In clock cycle: 487
Register Write to Reg: 0x15 Val: 0x00000002
In clock cycle: 488
Register Write to Reg: 0x16 Val: 0x00000000
In clock cycle: 489
Register Write to Reg: 0x06 Val: 0x00000002
In clock cycle: 490
Register Write to Reg: 0x07 Val: 0x00000004
In clock cycle: 493
Register Write to Reg: 0x00 Val: 0x00000000
In clock cycle: 496
Register Write to Reg: 0x00 Val: 0x00000000
In clock cycle: 497
Register Write to Reg: 0x17 Val: 0x00000000
In clock cycle: 498
Register Write to Reg: 0x17 Val: 0x10010004
In clock cycle: 499
Register Write to Reg: 0x18 Val: 0x00000002
In clock cycle: 500
Register Write to Reg: 0x19 Val: 0x00000008
In clock cycle: 501
Register Write to Reg: 0x19 Val: 0x1001000C
In clock cycle: 502
Register Write to Reg: 0x1A Val: 0x00000001
In clock cycle: 506
Register Write to Reg: 0x00 Val: 0x00000000
In clock cycle: 507
Register Write to Reg: 0x1B Val: 0x00000000
In clock cycle: 508
Register Write to Reg: 0x1B Val: 0x10010024
In clock cycle: 508
Memory Write to Addr: 0x10010024 Val: 0x00000001
In clock cycle: 510
Register Write to Reg: 0x15 Val: 0x00000003
In clock cycle: 511
Register Write to Reg: 0x16 Val: 0x00000001
In clock cycle: 512
Register Write to Reg: 0x00 Val: 0x004000EC
In clock cycle: 514
Register Write to Reg: 0x00 Val: 0x00000000
In clock cycle: 517
Register Write to Reg: 0x00 Val: 0x00000000
In clock cycle: 520
Register Write to Reg: 0x00 Val: 0x00000000
In clock cycle: 521
Register Write to Reg: 0x17 Val: 0x00000000
In clock cycle: 522
Register Write to Reg: 0x17 Val: 0x10010004
In clock cycle: 523
Register Write to Reg: 0x18 Val: 0x00000002
In clock cycle: 524
Register Write to Reg: 0x19 Val: 0x0000000C
In clock cycle: 525
Register Write to Reg: 0x19 Val: 0x10010010
In clock cycle: 526
Register Write to Reg: 0x1A Val: 0x00000009
In clock cycle: 529
Register Write to Reg: 0x1B Val: 0x00000004
In clock cycle: 530
Register Write to Reg: 0x1B Val: 0x10010028
In clock cycle: 530
Memory Write to Addr: 0x10010028 Val: 0x00000002
In clock cycle: 532
Register Write to Reg: 0x14 Val: 0x00000001
In clock cycle: 533
Register Write to Reg: 0x16 Val: 0x00000002
In clock cycle: 534
Register Write to Reg: 0x00 Val: 0x004000D4
In clock cycle: 536
Register Write to Reg: 0x00 Val: 0x00000000
In clock cycle: 539
Register Write to Reg: 0x00 Val: 0x00000000
In clock cycle: 542
Register Write to Reg: 0x00 Val: 0x00000000
In clock cycle: 543
Register Write to Reg: 0x17 Val: 0x00000004
In clock cycle: 544
Register Write to Reg: 0x17 Val: 0x10010008
In clock cycle: 545
Register Write to Reg: 0x18 Val: 0x00000007
In clock cycle: 546
Register Write to Reg: 0x19 Val: 0x0000000C
In clock cycle: 547
Register Write to Reg: 0x19 Val: 0x10010010
In clock cycle: 548
Register Write to Reg: 0x1A Val: 0x00000009
In clock cycle: 551
Register Write to Reg: 0x1B Val: 0x00000008
In clock cycle: 552
Register Write to Reg: 0x1B Val: 0x1001002C
In clock cycle: 552
Memory Write to Addr: 0x1001002C Val: 0x00000007
In clock cycle: 554
Register Write to Reg: 0x14 Val: 0x00000002
In clock cycle: 555
Register Write to Reg: 0x16 Val: 0x00000003
In clock cycle: 556
Register Write to Reg: 0x00 Val: 0x004000D4
In clock cycle: 558
Register Write to Reg: 0x00 Val: 0x00000000
In clock cycle: 560
Register Write to Reg: 0x00 Val: 0x00400098
In clock cycle: 562
Register Write to Reg: 0x00 Val: 0x00000000
In clock cycle: 565
Register Write to Reg: 0x00 Val: 0x00000000
In clock cycle: 566
Register Write to Reg: 0x19 Val: 0x0000000C
In clock cycle: 567
Register Write to Reg: 0x19 Val: 0x10010010
In clock cycle: 568
Register Write to Reg: 0x1A Val: 0x00000009
In clock cycle: 569
Register Write to Reg: 0x1B Val: 0x0000000C
In clock cycle: 570
Register Write to Reg: 0x1B Val: 0x10010030
In clock cycle: 570
Memory Write to Addr: 0x10010030 Val: 0x00000009
In clock cycle: 572
Register Write to Reg: 0x15 Val: 0x00000004
In clock cycle: 573
Register Write to Reg: 0x16 Val: 0x00000004
In clock cycle: 574
Register Write to Reg: 0x00 Val: 0x00400144
In clock cycle: 576
Register Write to Reg: 0x00 Val: 0x00000000
In clock cycle: 578
Register Write to Reg: 0x00 Val: 0x00400120
In clock cycle: 580
Register Write to Reg: 0x00 Val: 0x00000000
In clock cycle: 581
Register Write to Reg: 0x1C Val: 0x00000000
In clock cycle: 582
Register Write to Reg: 0x1D Val: 0x00000001
In clock cycle: 584
Register Write to Reg: 0x1E Val: 0x00000000
In clock cycle: 585
Register Write to Reg: 0x1E Val: 0x10010024
In clock cycle: 586
Register Write to Reg: 0x1F Val: 0x00000001
In clock cycle: 587
Register Write to Reg: 0x1E Val: 0x00000000
In clock cycle: 588
Register Write to Reg: 0x1E Val: 0x00000000
In clock cycle: 589
Register Write to Reg: 0x1E Val: 0x10010004
In clock cycle: 589
Memory Write to Addr: 0x10010004 Val: 0x00000001
In clock cycle: 591
Register Write to Reg: 0x1C Val: 0x00000001
In clock cycle: 592
Register Write to Reg: 0x00 Val: 0x00400174
In clock cycle: 594
Register Write to Reg: 0x00 Val: 0x00000000
In clock cycle: 595
Register Write to Reg: 0x1D Val: 0x00000001
In clock cycle: 597
Register Write to Reg: 0x1E Val: 0x00000004
In clock cycle: 598
Register Write to Reg: 0x1E Val: 0x10010028
In clock cycle: 599
Register Write to Reg: 0x1F Val: 0x00000002
In clock cycle: 600
Register Write to Reg: 0x1E Val: 0x00000001
In clock cycle: 601
Register Write to Reg: 0x1E Val: 0x00000004
In clock cycle: 602
Register Write to Reg: 0x1E Val: 0x10010008
In clock cycle: 602
Memory Write to Addr: 0x10010008 Val: 0x00000002
In clock cycle: 604
Register Write to Reg: 0x1C Val: 0x00000002
In clock cycle: 605
Register Write to Reg: 0x00 Val: 0x00400174
In clock cycle: 607
Register Write to Reg: 0x00 Val: 0x00000000
In clock cycle: 608
Register Write to Reg: 0x1D Val: 0x00000001
In clock cycle: 610
Register Write to Reg: 0x1E Val: 0x00000008
In clock cycle: 611
Register Write to Reg: 0x1E Val: 0x1001002C
In clock cycle: 612
Register Write to Reg: 0x1F Val: 0x00000007
In clock cycle: 613
Register Write to Reg: 0x1E Val: 0x00000002
In clock cycle: 614
Register Write to Reg: 0x1E Val: 0x00000008
In clock cycle: 615
Register Write to Reg: 0x1E Val: 0x1001000C
In clock cycle: 615
Memory Write to Addr: 0x1001000C Val: 0x00000007
In clock cycle: 617
Register Write to Reg: 0x1C Val: 0x00000003
In clock cycle: 618
Register Write to Reg: 0x00 Val: 0x00400174
In clock cycle: 620
Register Write to Reg: 0x00 Val: 0x00000000
In clock cycle: 621
Register Write to Reg: 0x1D Val: 0x00000001
In clock cycle: 623
Register Write to Reg: 0x1E Val: 0x0000000C
In clock cycle: 624
Register Write to Reg: 0x1E Val: 0x10010030
In clock cycle: 625
Register Write to Reg: 0x1F Val: 0x00000009
In clock cycle: 626
Register Write to Reg: 0x1E Val: 0x00000003
In clock cycle: 627
Register Write to Reg: 0x1E Val: 0x0000000C
In clock cycle: 628
Register Write to Reg: 0x1E Val: 0x10010010
In clock cycle: 628
Memory Write to Addr: 0x10010010 Val: 0x00000009
In clock cycle: 630
Register Write to Reg: 0x1C Val: 0x00000004
In clock cycle: 631
Register Write to Reg: 0x00 Val: 0x00400174
In clock cycle: 633
Register Write to Reg: 0x00 Val: 0x00000000
In clock cycle: 634
Register Write to Reg: 0x1D Val: 0x00000000
In clock cycle: 637
Register Write to Reg: 0x00 Val: 0x00000000
In clock cycle: 638
Register Write to Reg: 0x00 Val: 0x00400178
In clock cycle: 640
Register Write to Reg: 0x00 Val: 0x00000000
In clock cycle: 641
Register Write to Reg: 0x13 Val: 0x00000004
In clock cycle: 642
Register Write to Reg: 0x0E Val: 0x00000004
In clock cycle: 643
Register Write to Reg: 0x00 Val: 0x00400074
In clock cycle: 645
Register Write to Reg: 0x00 Val: 0x00000000
In clock cycle: 646
Register Write to Reg: 0x0F Val: 0x00000007
In clock cycle: 648
Register Write to Reg: 0x10 Val: 0x00000006
In clock cycle: 649
Register Write to Reg: 0x10 Val: 0x00000005
In clock cycle: 650
Register Write to Reg: 0x12 Val: 0x00000007
In clock cycle: 653
Register Write to Reg: 0x00 Val: 0x00000000
In clock cycle: 654
Register Write to Reg: 0x11 Val: 0x00000004
In clock cycle: 655
Register Write to Reg: 0x11 Val: 0x00000008
In clock cycle: 656
Register Write to Reg: 0x11 Val: 0x00000007
In clock cycle: 658
Register Write to Reg: 0x11 Val: 0x00000007
In clock cycle: 659
Register Write to Reg: 0x01 Val: 0x00400068
In clock cycle: 661
Register Write to Reg: 0x00 Val: 0x00000000
In clock cycle: 662
Register Write to Reg: 0x14 Val: 0x00000004
In clock cycle: 663
Register Write to Reg: 0x15 Val: 0x00000006
In clock cycle: 664
Register Write to Reg: 0x16 Val: 0x00000000
In clock cycle: 665
Register Write to Reg: 0x06 Val: 0x00000006
In clock cycle: 666
Register Write to Reg: 0x07 Val: 0x00000008
In clock cycle: 669
Register Write to Reg: 0x00 Val: 0x00000000
In clock cycle: 672
Register Write to Reg: 0x00 Val: 0x00000000
In clock cycle: 673
Register Write to Reg: 0x17 Val: 0x00000010
In clock cycle: 674
Register Write to Reg: 0x17 Val: 0x10010014
In clock cycle: 675
Register Write to Reg: 0x18 Val: 0x00000003
In clock cycle: 676
Register Write to Reg: 0x19 Val: 0x00000018
In clock cycle: 677
Register Write to Reg: 0x19 Val: 0x1001001C
In clock cycle: 678
Register Write to Reg: 0x1A Val: 0x00000005
In clock cycle: 681
Register Write to Reg: 0x1B Val: 0x00000000
In clock cycle: 682
Register Write to Reg: 0x1B Val: 0x10010024
In clock cycle: 682
Memory Write to Addr: 0x10010024 Val: 0x00000003
In clock cycle: 684
Register Write to Reg: 0x14 Val: 0x00000005
In clock cycle: 685
Register Write to Reg: 0x16 Val: 0x00000001
In clock cycle: 686
Register Write to Reg: 0x00 Val: 0x004000D4
In clock cycle: 688
Register Write to Reg: 0x00 Val: 0x00000000
In clock cycle: 691
Register Write to Reg: 0x00 Val: 0x00000000
In clock cycle: 694
Register Write to Reg: 0x00 Val: 0x00000000
In clock cycle: 695
Register Write to Reg: 0x17 Val: 0x00000014
In clock cycle: 696
Register Write to Reg: 0x17 Val: 0x10010018
In clock cycle: 697
Register Write to Reg: 0x18 Val: 0x00000006
In clock cycle: 698
Register Write to Reg: 0x19 Val: 0x00000018
In clock cycle: 699
Register Write to Reg: 0x19 Val: 0x1001001C
In clock cycle: 700
Register Write to Reg: 0x1A Val: 0x00000005
In clock cycle: 704
Register Write to Reg: 0x00 Val: 0x00000000
In clock cycle: 705
Register Write to Reg: 0x1B Val: 0x00000004
In clock cycle: 706
Register Write to Reg: 0x1B Val: 0x10010028
In clock cycle: 706
Memory Write to Addr: 0x10010028 Val: 0x00000005
In clock cycle: 708
Register Write to Reg: 0x15 Val: 0x00000007
In clock cycle: 709
Register Write to Reg: 0x16 Val: 0x00000002
In clock cycle: 710
Register Write to Reg: 0x00 Val: 0x004000EC
In clock cycle: 712
Register Write to Reg: 0x00 Val: 0x00000000
In clock cycle: 715
Register Write to Reg: 0x00 Val: 0x00000000
In clock cycle: 718
Register Write to Reg: 0x00 Val: 0x00000000
In clock cycle: 719
Register Write to Reg: 0x17 Val: 0x00000014
In clock cycle: 720
Register Write to Reg: 0x17 Val: 0x10010018
In clock cycle: 721
Register Write to Reg: 0x18 Val: 0x00000006
In clock cycle: 722
Register Write to Reg: 0x19 Val: 0x0000001C
In clock cycle: 723
Register Write to Reg: 0x19 Val: 0x10010020
In clock cycle: 724
Register Write to Reg: 0x1A Val: 0x00000008
In clock cycle: 727
Register Write to Reg: 0x1B Val: 0x00000008
In clock cycle: 728
Register Write to Reg: 0x1B Val: 0x1001002C
In clock cycle: 728
Memory Write to Addr: 0x1001002C Val: 0x00000006
In clock cycle: 730
Register Write to Reg: 0x14 Val: 0x00000006
In clock cycle: 731
Register Write to Reg: 0x16 Val: 0x00000003
In clock cycle: 732
Register Write to Reg: 0x00 Val: 0x004000D4
In clock cycle: 734
Register Write to Reg: 0x00 Val: 0x00000000
In clock cycle: 736
Register Write to Reg: 0x00 Val: 0x00400098
In clock cycle: 738
Register Write to Reg: 0x00 Val: 0x00000000
In clock cycle: 741
Register Write to Reg: 0x00 Val: 0x00000000
In clock cycle: 742
Register Write to Reg: 0x19 Val: 0x0000001C
In clock cycle: 743
Register Write to Reg: 0x19 Val: 0x10010020
In clock cycle: 744
Register Write to Reg: 0x1A Val: 0x00000008
In clock cycle: 745
Register Write to Reg: 0x1B Val: 0x0000000C
In clock cycle: 746
Register Write to Reg: 0x1B Val: 0x10010030
In clock cycle: 746
Memory Write to Addr: 0x10010030 Val: 0x00000008
In clock cycle: 748
Register Write to Reg: 0x15 Val: 0x00000008
In clock cycle: 749
Register Write to Reg: 0x16 Val: 0x00000004
In clock cycle: 750
Register Write to Reg: 0x00 Val: 0x00400144
In clock cycle: 752
Register Write to Reg: 0x00 Val: 0x00000000
In clock cycle: 754
Register Write to Reg: 0x00 Val: 0x00400120
In clock cycle: 756
Register Write to Reg: 0x00 Val: 0x00000000
In clock cycle: 757
Register Write to Reg: 0x1C Val: 0x00000000
In clock cycle: 758
Register Write to Reg: 0x1D Val: 0x00000001
In clock cycle: 760
Register Write to Reg: 0x1E Val: 0x00000000
In clock cycle: 761
Register Write to Reg: 0x1E Val: 0x10010024
In clock cycle: 762
Register Write to Reg: 0x1F Val: 0x00000003
In clock cycle: 763
Register Write to Reg: 0x1E Val: 0x00000004
In clock cycle: 764
Register Write to Reg: 0x1E Val: 0x00000010
In clock cycle: 765
Register Write to Reg: 0x1E Val: 0x10010014
In clock cycle: 765
Memory Write to Addr: 0x10010014 Val: 0x00000003
In clock cycle: 767
Register Write to Reg: 0x1C Val: 0x00000001
In clock cycle: 768
Register Write to Reg: 0x00 Val: 0x00400174
In clock cycle: 770
Register Write to Reg: 0x00 Val: 0x00000000
In clock cycle: 771
Register Write to Reg: 0x1D Val: 0x00000001
In clock cycle: 773
Register Write to Reg: 0x1E Val: 0x00000004
In clock cycle: 774
Register Write to Reg: 0x1E Val: 0x10010028
In clock cycle: 775
Register Write to Reg: 0x1F Val: 0x00000005
In clock cycle: 776
Register Write to Reg: 0x1E Val: 0x00000005
In clock cycle: 777
Register Write to Reg: 0x1E Val: 0x00000014
In clock cycle: 778
Register Write to Reg: 0x1E Val: 0x10010018
In clock cycle: 778
Memory Write to Addr: 0x10010018 Val: 0x00000005
In clock cycle: 780
Register Write to Reg: 0x1C Val: 0x00000002
In clock cycle: 781
Register Write to Reg: 0x00 Val: 0x00400174
In clock cycle: 783
Register Write to Reg: 0x00 Val: 0x00000000
In clock cycle: 784
Register Write to Reg: 0x1D Val: 0x00000001
In clock cycle: 786
Register Write to Reg: 0x1E Val: 0x00000008
In clock cycle: 787
Register Write to Reg: 0x1E Val: 0x1001002C
In clock cycle: 788
Register Write to Reg: 0x1F Val: 0x00000006
In clock cycle: 789
Register Write to Reg: 0x1E Val: 0x00000006
In clock cycle: 790
Register Write to Reg: 0x1E Val: 0x00000018
In clock cycle: 791
Register Write to Reg: 0x1E Val: 0x1001001C
In clock cycle: 791
Memory Write to Addr: 0x1001001C Val: 0x00000006
In clock cycle: 793
Register Write to Reg: 0x1C Val: 0x00000003
In clock cycle: 794
Register Write to Reg: 0x00 Val: 0x00400174
In clock cycle: 796
Register Write to Reg: 0x00 Val: 0x00000000
In clock cycle: 797
Register Write to Reg: 0x1D Val: 0x00000001
In clock cycle: 799
Register Write to Reg: 0x1E Val: 0x0000000C
In clock cycle: 800
Register Write to Reg: 0x1E Val: 0x10010030
In clock cycle: 801
Register Write to Reg: 0x1F Val: 0x00000008
In clock cycle: 802
Register Write to Reg: 0x1E Val: 0x00000007
In clock cycle: 803
Register Write to Reg: 0x1E Val: 0x0000001C
In clock cycle: 804
Register Write to Reg: 0x1E Val: 0x10010020
In clock cycle: 804
Memory Write to Addr: 0x10010020 Val: 0x00000008
In clock cycle: 806
Register Write to Reg: 0x1C Val: 0x00000004
In clock cycle: 807
Register Write to Reg: 0x00 Val: 0x00400174
In clock cycle: 809
Register Write to Reg: 0x00 Val: 0x00000000
In clock cycle: 810
Register Write to Reg: 0x1D Val: 0x00000000
In clock cycle: 813
Register Write to Reg: 0x00 Val: 0x00000000
In clock cycle: 814
Register Write to Reg: 0x00 Val: 0x00400178
In clock cycle: 816
Register Write to Reg: 0x00 Val: 0x00000000
In clock cycle: 817
Register Write to Reg: 0x13 Val: 0x00000004
In clock cycle: 818
Register Write to Reg: 0x0E Val: 0x00000008
In clock cycle: 819
Register Write to Reg: 0x00 Val: 0x00400074
In clock cycle: 821
Register Write to Reg: 0x00 Val: 0x00000000
In clock cycle: 822
Register Write to Reg: 0x0F Val: 0x00000007
In clock cycle: 825
Register Write to Reg: 0x00 Val: 0x00000000
In clock cycle: 826
Register Write to Reg: 0x0D Val: 0x00000004
In clock cycle: 827
Register Write to Reg: 0x00 Val: 0x0040007C
In clock cycle: 829
Register Write to Reg: 0x00 Val: 0x00000000
In clock cycle: 832
Register Write to Reg: 0x00 Val: 0x00000000
In clock cycle: 833
Register Write to Reg: 0x0E Val: 0x00000000
In clock cycle: 834
Register Write to Reg: 0x0F Val: 0x00000007
In clock cycle: 836
Register Write to Reg: 0x10 Val: 0x00000004
In clock cycle: 837
Register Write to Reg: 0x10 Val: 0x00000003
In clock cycle: 838
Register Write to Reg: 0x12 Val: 0x00000007
In clock cycle: 841
Register Write to Reg: 0x00 Val: 0x00000000
In clock cycle: 842
Register Write to Reg: 0x11 Val: 0x00000008
In clock cycle: 843
Register Write to Reg: 0x11 Val: 0x00000008
In clock cycle: 844
Register Write to Reg: 0x11 Val: 0x00000007
In clock cycle: 846
Register Write to Reg: 0x11 Val: 0x00000007
In clock cycle: 847
Register Write to Reg: 0x01 Val: 0x00400068
In clock cycle: 849
Register Write to Reg: 0x00 Val: 0x00000000
In clock cycle: 850
Register Write to Reg: 0x14 Val: 0x00000000
In clock cycle: 851
Register Write to Reg: 0x15 Val: 0x00000004
In clock cycle: 852
Register Write to Reg: 0x16 Val: 0x00000000
In clock cycle: 853
Register Write to Reg: 0x06 Val: 0x00000004
In clock cycle: 854
Register Write to Reg: 0x07 Val: 0x00000008
In clock cycle: 857
Register Write to Reg: 0x00 Val: 0x00000000
In clock cycle: 860
Register Write to Reg: 0x00 Val: 0x00000000
In clock cycle: 861
Register Write to Reg: 0x17 Val: 0x00000000
In clock cycle: 862
Register Write to Reg: 0x17 Val: 0x10010004
In clock cycle: 863
Register Write to Reg: 0x18 Val: 0x00000001
In clock cycle: 864
Register Write to Reg: 0x19 Val: 0x00000010
In clock cycle: 865
Register Write to Reg: 0x19 Val: 0x10010014
In clock cycle: 866
Register Write to Reg: 0x1A Val: 0x00000003
In clock cycle: 869
Register Write to Reg: 0x1B Val: 0x00000000
In clock cycle: 870
Register Write to Reg: 0x1B Val: 0x10010024
In clock cycle: 870
Memory Write to Addr: 0x10010024 Val: 0x00000001
In clock cycle: 872
Register Write to Reg: 0x14 Val: 0x00000001
In clock cycle: 873
Register Write to Reg: 0x16 Val: 0x00000001
In clock cycle: 874
Register Write to Reg: 0x00 Val: 0x004000D4
In clock cycle: 876
Register Write to Reg: 0x00 Val: 0x00000000
In clock cycle: 879
Register Write to Reg: 0x00 Val: 0x00000000
In clock cycle: 882
Register Write to Reg: 0x00 Val: 0x00000000
In clock cycle: 883
Register Write to Reg: 0x17 Val: 0x00000004
In clock cycle: 884
Register Write to Reg: 0x17 Val: 0x10010008
In clock cycle: 885
Register Write to Reg: 0x18 Val: 0x00000002
In clock cycle: 886
Register Write to Reg: 0x19 Val: 0x00000010
In clock cycle: 887
Register Write to Reg: 0x19 Val: 0x10010014
In clock cycle: 888
Register Write to Reg: 0x1A Val: 0x00000003
In clock cycle: 891
Register Write to Reg: 0x1B Val: 0x00000004
In clock cycle: 892
Register Write to Reg: 0x1B Val: 0x10010028
In clock cycle: 892
Memory Write to Addr: 0x10010028 Val: 0x00000002
In clock cycle: 894
Register Write to Reg: 0x14 Val: 0x00000002
In clock cycle: 895
Register Write to Reg: 0x16 Val: 0x00000002
In clock cycle: 896
Register Write to Reg: 0x00 Val: 0x004000D4
In clock cycle: 898
Register Write to Reg: 0x00 Val: 0x00000000
In clock cycle: 901
Register Write to Reg: 0x00 Val: 0x00000000
In clock cycle: 904
Register Write to Reg: 0x00 Val: 0x00000000
In clock cycle: 905
Register Write to Reg: 0x17 Val: 0x00000008
In clock cycle: 906
Register Write to Reg: 0x17 Val: 0x1001000C
In clock cycle: 907
Register Write to Reg: 0x18 Val: 0x00000007
In clock cycle: 908
Register Write to Reg: 0x19 Val: 0x00000010
In clock cycle: 909
Register Write to Reg: 0x19 Val: 0x10010014
In clock cycle: 910
Register Write to Reg: 0x1A Val: 0x00000003
In clock cycle: 914
Register Write to Reg: 0x00 Val: 0x00000000
In clock cycle: 915
Register Write to Reg: 0x1B Val: 0x00000008
In clock cycle: 916
Register Write to Reg: 0x1B Val: 0x1001002C
In clock cycle: 916
Memory Write to Addr: 0x1001002C Val: 0x00000003
In clock cycle: 918
Register Write to Reg: 0x15 Val: 0x00000005
In clock cycle: 919
Register Write to Reg: 0x16 Val: 0x00000003
In clock cycle: 920
Register Write to Reg: 0x00 Val: 0x004000EC
In clock cycle: 922
Register Write to Reg: 0x00 Val: 0x00000000
In clock cycle: 925
Register Write to Reg: 0x00 Val: 0x00000000
In clock cycle: 928
Register Write to Reg: 0x00 Val: 0x00000000
In clock cycle: 929
Register Write to Reg: 0x17 Val: 0x00000008
In clock cycle: 930
Register Write to Reg: 0x17 Val: 0x1001000C
In clock cycle: 931
Register Write to Reg: 0x18 Val: 0x00000007
In clock cycle: 932
Register Write to Reg: 0x19 Val: 0x00000014
In clock cycle: 933
Register Write to Reg: 0x19 Val: 0x10010018
In clock cycle: 934
Register Write to Reg: 0x1A Val: 0x00000005
In clock cycle: 938
Register Write to Reg: 0x00 Val: 0x00000000
In clock cycle: 939
Register Write to Reg: 0x1B Val: 0x0000000C
In clock cycle: 940
Register Write to Reg: 0x1B Val: 0x10010030
In clock cycle: 940
Memory Write to Addr: 0x10010030 Val: 0x00000005
In clock cycle: 942
Register Write to Reg: 0x15 Val: 0x00000006
In clock cycle: 943
Register Write to Reg: 0x16 Val: 0x00000004
In clock cycle: 944
Register Write to Reg: 0x00 Val: 0x004000EC
In clock cycle: 946
Register Write to Reg: 0x00 Val: 0x00000000
In clock cycle: 949
Register Write to Reg: 0x00 Val: 0x00000000
In clock cycle: 952
Register Write to Reg: 0x00 Val: 0x00000000
In clock cycle: 953
Register Write to Reg: 0x17 Val: 0x00000008
In clock cycle: 954
Register Write to Reg: 0x17 Val: 0x1001000C
In clock cycle: 955
Register Write to Reg: 0x18 Val: 0x00000007
In clock cycle: 956
Register Write to Reg: 0x19 Val: 0x00000018
In clock cycle: 957
Register Write to Reg: 0x19 Val: 0x1001001C
In clock cycle: 958
Register Write to Reg: 0x1A Val: 0x00000006
In clock cycle: 962
Register Write to Reg: 0x00 Val: 0x00000000
In clock cycle: 963
Register Write to Reg: 0x1B Val: 0x00000010
In clock cycle: 964
Register Write to Reg: 0x1B Val: 0x10010034
In clock cycle: 964
Memory Write to Addr: 0x10010034 Val: 0x00000006
In clock cycle: 966
Register Write to Reg: 0x15 Val: 0x00000007
In clock cycle: 967
Register Write to Reg: 0x16 Val: 0x00000005
In clock cycle: 968
Register Write to Reg: 0x00 Val: 0x004000EC
In clock cycle: 970
Register Write to Reg: 0x00 Val: 0x00000000
In clock cycle: 973
Register Write to Reg: 0x00 Val: 0x00000000
In clock cycle: 976
Register Write to Reg: 0x00 Val: 0x00000000
In clock cycle: 977
Register Write to Reg: 0x17 Val: 0x00000008
In clock cycle: 978
Register Write to Reg: 0x17 Val: 0x1001000C
In clock cycle: 979
Register Write to Reg: 0x18 Val: 0x00000007
In clock cycle: 980
Register Write to Reg: 0x19 Val: 0x0000001C
In clock cycle: 981
Register Write to Reg: 0x19 Val: 0x10010020
In clock cycle: 982
Register Write to Reg: 0x1A Val: 0x00000008
In clock cycle: 985
Register Write to Reg: 0x1B Val: 0x00000014
In clock cycle: 986
Register Write to Reg: 0x1B Val: 0x10010038
In clock cycle: 986
Memory Write to Addr: 0x10010038 Val: 0x00000007
In clock cycle: 988
Register Write to Reg: 0x14 Val: 0x00000003
In clock cycle: 989
Register Write to Reg: 0x16 Val: 0x00000006
In clock cycle: 990
Register Write to Reg: 0x00 Val: 0x004000D4
In clock cycle: 992
Register Write to Reg: 0x00 Val: 0x00000000
In clock cycle: 995
Register Write to Reg: 0x00 Val: 0x00000000
In clock cycle: 998
Register Write to Reg: 0x00 Val: 0x00000000
In clock cycle: 999
Register Write to Reg: 0x17 Val: 0x0000000C
In clock cycle: 1000
Register Write to Reg: 0x17 Val: 0x10010010
In clock cycle: 1001
Register Write to Reg: 0x18 Val: 0x00000009
In clock cycle: 1002
Register Write to Reg: 0x19 Val: 0x0000001C
In clock cycle: 1003
Register Write to Reg: 0x19 Val: 0x10010020
In clock cycle: 1004
Register Write to Reg: 0x1A Val: 0x00000008
In clock cycle: 1008
Register Write to Reg: 0x00 Val: 0x00000000
In clock cycle: 1009
Register Write to Reg: 0x1B Val: 0x00000018
In clock cycle: 1010
Register Write to Reg: 0x1B Val: 0x1001003C
In clock cycle: 1010
Memory Write to Addr: 0x1001003C Val: 0x00000008
In clock cycle: 1012
Register Write to Reg: 0x15 Val: 0x00000008
In clock cycle: 1013
Register Write to Reg: 0x16 Val: 0x00000007
In clock cycle: 1014
Register Write to Reg: 0x00 Val: 0x004000EC
In clock cycle: 1016
Register Write to Reg: 0x00 Val: 0x00000000
In clock cycle: 1019
Register Write to Reg: 0x00 Val: 0x00000000
In clock cycle: 1021
Register Write to Reg: 0x00 Val: 0x004000A0
In clock cycle: 1023
Register Write to Reg: 0x00 Val: 0x00000000
In clock cycle: 1026
Register Write to Reg: 0x00 Val: 0x00000000
In clock cycle: 1027
Register Write to Reg: 0x17 Val: 0x0000000C
In clock cycle: 1028
Register Write to Reg: 0x17 Val: 0x10010010
In clock cycle: 1029
Register Write to Reg: 0x18 Val: 0x00000009
In clock cycle: 1030
Register Write to Reg: 0x1B Val: 0x0000001C
In clock cycle: 1031
Register Write to Reg: 0x1B Val: 0x10010040
In clock cycle: 1031
Memory Write to Addr: 0x10010040 Val: 0x00000009
In clock cycle: 1033
Register Write to Reg: 0x14 Val: 0x00000004
In clock cycle: 1034
Register Write to Reg: 0x16 Val: 0x00000008
In clock cycle: 1035
Register Write to Reg: 0x00 Val: 0x00400118
In clock cycle: 1037
Register Write to Reg: 0x00 Val: 0x00000000
In clock cycle: 1039
Register Write to Reg: 0x00 Val: 0x004000F4
In clock cycle: 1041
Register Write to Reg: 0x00 Val: 0x00000000
In clock cycle: 1042
Register Write to Reg: 0x1C Val: 0x00000000
In clock cycle: 1043
Register Write to Reg: 0x1D Val: 0x00000001
In clock cycle: 1045
Register Write to Reg: 0x1E Val: 0x00000000
In clock cycle: 1046
Register Write to Reg: 0x1E Val: 0x10010024
In clock cycle: 1047
Register Write to Reg: 0x1F Val: 0x00000001
In clock cycle: 1048
Register Write to Reg: 0x1E Val: 0x00000000
In clock cycle: 1049
Register Write to Reg: 0x1E Val: 0x00000000
In clock cycle: 1050
Register Write to Reg: 0x1E Val: 0x10010004
In clock cycle: 1050
Memory Write to Addr: 0x10010004 Val: 0x00000001
In clock cycle: 1052
Register Write to Reg: 0x1C Val: 0x00000001
In clock cycle: 1053
Register Write to Reg: 0x00 Val: 0x00400174
In clock cycle: 1055
Register Write to Reg: 0x00 Val: 0x00000000
In clock cycle: 1056
Register Write to Reg: 0x1D Val: 0x00000001
In clock cycle: 1058
Register Write to Reg: 0x1E Val: 0x00000004
In clock cycle: 1059
Register Write to Reg: 0x1E Val: 0x10010028
In clock cycle: 1060
Register Write to Reg: 0x1F Val: 0x00000002
In clock cycle: 1061
Register Write to Reg: 0x1E Val: 0x00000001
In clock cycle: 1062
Register Write to Reg: 0x1E Val: 0x00000004
In clock cycle: 1063
Register Write to Reg: 0x1E Val: 0x10010008
In clock cycle: 1063
Memory Write to Addr: 0x10010008 Val: 0x00000002
In clock cycle: 1065
Register Write to Reg: 0x1C Val: 0x00000002
In clock cycle: 1066
Register Write to Reg: 0x00 Val: 0x00400174
In clock cycle: 1068
Register Write to Reg: 0x00 Val: 0x00000000
In clock cycle: 1069
Register Write to Reg: 0x1D Val: 0x00000001
In clock cycle: 1071
Register Write to Reg: 0x1E Val: 0x00000008
In clock cycle: 1072
Register Write to Reg: 0x1E Val: 0x1001002C
In clock cycle: 1073
Register Write to Reg: 0x1F Val: 0x00000003
In clock cycle: 1074
Register Write to Reg: 0x1E Val: 0x00000002
In clock cycle: 1075
Register Write to Reg: 0x1E Val: 0x00000008
In clock cycle: 1076
Register Write to Reg: 0x1E Val: 0x1001000C
In clock cycle: 1076
Memory Write to Addr: 0x1001000C Val: 0x00000003
In clock cycle: 1078
Register Write to Reg: 0x1C Val: 0x00000003
In clock cycle: 1079
Register Write to Reg: 0x00 Val: 0x00400174
In clock cycle: 1081
Register Write to Reg: 0x00 Val: 0x00000000
In clock cycle: 1082
Register Write to Reg: 0x1D Val: 0x00000001
In clock cycle: 1084
Register Write to Reg: 0x1E Val: 0x0000000C
In clock cycle: 1085
Register Write to Reg: 0x1E Val: 0x10010030
In clock cycle: 1086
Register Write to Reg: 0x1F Val: 0x00000005
In clock cycle: 1087
Register Write to Reg: 0x1E Val: 0x00000003
In clock cycle: 1088
Register Write to Reg: 0x1E Val: 0x0000000C
In clock cycle: 1089
Register Write to Reg: 0x1E Val: 0x10010010
In clock cycle: 1089
Memory Write to Addr: 0x10010010 Val: 0x00000005
In clock cycle: 1091
Register Write to Reg: 0x1C Val: 0x00000004
In clock cycle: 1092
Register Write to Reg: 0x00 Val: 0x00400174
In clock cycle: 1094
Register Write to Reg: 0x00 Val: 0x00000000
In clock cycle: 1095
Register Write to Reg: 0x1D Val: 0x00000001
In clock cycle: 1097
Register Write to Reg: 0x1E Val: 0x00000010
In clock cycle: 1098
Register Write to Reg: 0x1E Val: 0x10010034
In clock cycle: 1099
Register Write to Reg: 0x1F Val: 0x00000006
In clock cycle: 1100
Register Write to Reg: 0x1E Val: 0x00000004
In clock cycle: 1101
Register Write to Reg: 0x1E Val: 0x00000010
In clock cycle: 1102
Register Write to Reg: 0x1E Val: 0x10010014
In clock cycle: 1102
Memory Write to Addr: 0x10010014 Val: 0x00000006
In clock cycle: 1104
Register Write to Reg: 0x1C Val: 0x00000005
In clock cycle: 1105
Register Write to Reg: 0x00 Val: 0x00400174
In clock cycle: 1107
Register Write to Reg: 0x00 Val: 0x00000000
In clock cycle: 1108
Register Write to Reg: 0x1D Val: 0x00000001
In clock cycle: 1110
Register Write to Reg: 0x1E Val: 0x00000014
In clock cycle: 1111
Register Write to Reg: 0x1E Val: 0x10010038
In clock cycle: 1112
Register Write to Reg: 0x1F Val: 0x00000007
In clock cycle: 1113
Register Write to Reg: 0x1E Val: 0x00000005
In clock cycle: 1114
Register Write to Reg: 0x1E Val: 0x00000014
In clock cycle: 1115
Register Write to Reg: 0x1E Val: 0x10010018
In clock cycle: 1115
Memory Write to Addr: 0x10010018 Val: 0x00000007
In clock cycle: 1117
Register Write to Reg: 0x1C Val: 0x00000006
In clock cycle: 1118
Register Write to Reg: 0x00 Val: 0x00400174
In clock cycle: 1120
Register Write to Reg: 0x00 Val: 0x00000000
In clock cycle: 1121
Register Write to Reg: 0x1D Val: 0x00000001
In clock cycle: 1123
Register Write to Reg: 0x1E Val: 0x00000018
In clock cycle: 1124
Register Write to Reg: 0x1E Val: 0x1001003C
In clock cycle: 1125
Register Write to Reg: 0x1F Val: 0x00000008
In clock cycle: 1126
Register Write to Reg: 0x1E Val: 0x00000006
In clock cycle: 1127
Register Write to Reg: 0x1E Val: 0x00000018
In clock cycle: 1128
Register Write to Reg: 0x1E Val: 0x1001001C
In clock cycle: 1128
Memory Write to Addr: 0x1001001C Val: 0x00000008
In clock cycle: 1130
Register Write to Reg: 0x1C Val: 0x00000007
In clock cycle: 1131
Register Write to Reg: 0x00 Val: 0x00400174
In clock cycle: 1133
Register Write to Reg: 0x00 Val: 0x00000000
In clock cycle: 1134
Register Write to Reg: 0x1D Val: 0x00000001
In clock cycle: 1136
Register Write to Reg: 0x1E Val: 0x0000001C
In clock cycle: 1137
Register Write to Reg: 0x1E Val: 0x10010040
In clock cycle: 1138
Register Write to Reg: 0x1F Val: 0x00000009
In clock cycle: 1139
Register Write to Reg: 0x1E Val: 0x00000007
In clock cycle: 1140
Register Write to Reg: 0x1E Val: 0x0000001C
In clock cycle: 1141
Register Write to Reg: 0x1E Val: 0x10010020
In clock cycle: 1141
Memory Write to Addr: 0x10010020 Val: 0x00000009
In clock cycle: 1143
Register Write to Reg: 0x1C Val: 0x00000008
In clock cycle: 1144
Register Write to Reg: 0x00 Val: 0x00400174
In clock cycle: 1146
Register Write to Reg: 0x00 Val: 0x00000000
In clock cycle: 1147
Register Write to Reg: 0x1D Val: 0x00000000
In clock cycle: 1150
Register Write to Reg: 0x00 Val: 0x00000000
In clock cycle: 1151
Register Write to Reg: 0x00 Val: 0x00400178
In clock cycle: 1153
Register Write to Reg: 0x00 Val: 0x00000000
In clock cycle: 1154
Register Write to Reg: 0x13 Val: 0x00000008
In clock cycle: 1155
Register Write to Reg: 0x0E Val: 0x00000008
In clock cycle: 1156
Register Write to Reg: 0x00 Val: 0x00400074
In clock cycle: 1158
Register Write to Reg: 0x00 Val: 0x00000000
In clock cycle: 1159
Register Write to Reg: 0x0F Val: 0x00000007
In clock cycle: 1162
Register Write to Reg: 0x00 Val: 0x00000000
In clock cycle: 1163
Register Write to Reg: 0x0D Val: 0x00000008
In clock cycle: 1164
Register Write to Reg: 0x00 Val: 0x0040007C
In clock cycle: 1166
Register Write to Reg: 0x00 Val: 0x00000000
In clock cycle: 1168
Register Write to Reg: 0x00 Val: 0x00400030
In clock cycle: 1170
Register Write to Reg: 0x00 Val: 0x00000000
Execution is stopping! Clock Cycle: 1171
