[inst #1] lui x2,524287
Register Write to Reg: 0x02 Val: 0x7FFFF000
[inst #2] addi x2,x2,240
Register Write to Reg: 0x02 Val: 0x7FFFF0F0
[inst #3] auipc x5,64528
Register Write to Reg: 0x05 Val: 0x10010008
[inst #4] addi x5,x5,-8
Register Write to Reg: 0x05 Val: 0x10010000
[inst #5] lw x10,0(x5)
Register Write to Reg: 0x0A Val: 0x00000008
[inst #6] auipc x11,64528
Register Write to Reg: 0x0B Val: 0x10010014
[inst #7] addi x11,x11,-16
Register Write to Reg: 0x0B Val: 0x10010004
[inst #8] auipc x12,64528
Register Write to Reg: 0x0C Val: 0x1001001C
[inst #9] addi x12,x12,8
Register Write to Reg: 0x0C Val: 0x10010024
[inst #10] addi x13,x0,1
Register Write to Reg: 0x0D Val: 0x00000001
[inst #11] blt x13,x10,8
[inst #12] addi x14,x0,0
Register Write to Reg: 0x0E Val: 0x00000000
[inst #13] addi x15,x10,-1
Register Write to Reg: 0x0F Val: 0x00000007
[inst #14] bge x14,x15,60
[inst #15] add x16,x14,x13
Register Write to Reg: 0x10 Val: 0x00000001
[inst #16] addi x16,x16,-1
Register Write to Reg: 0x10 Val: 0x00000000
[inst #17] addi x18,x10,-1
Register Write to Reg: 0x12 Val: 0x00000007
[inst #18] blt x16,x18,8
[inst #19] slli x17,x13,1
Register Write to Reg: 0x11 Val: 0x00000002
[inst #20] add x17,x17,x14
Register Write to Reg: 0x11 Val: 0x00000002
[inst #21] addi x17,x17,-1
Register Write to Reg: 0x11 Val: 0x00000001
[inst #22] blt x17,x18,8
[inst #23] jal x1,24
Register Write to Reg: 0x01 Val: 0x00400068
[inst #24] add x20,x14,x0
Register Write to Reg: 0x14 Val: 0x00000000
[inst #25] addi x21,x16,1
Register Write to Reg: 0x15 Val: 0x00000001
[inst #26] addi x22,x0,0
Register Write to Reg: 0x16 Val: 0x00000000
[inst #27] addi x6,x16,1
Register Write to Reg: 0x06 Val: 0x00000001
[inst #28] addi x7,x17,1
Register Write to Reg: 0x07 Val: 0x00000002
[inst #29] blt x20,x6,8
[inst #30] blt x21,x7,8
[inst #31] slli x23,x20,2
Register Write to Reg: 0x17 Val: 0x00000000
[inst #32] add x23,x11,x23
Register Write to Reg: 0x17 Val: 0x10010004
[inst #33] lw x24,0(x23)
Register Write to Reg: 0x18 Val: 0x00000007
[inst #34] slli x25,x21,2
Register Write to Reg: 0x19 Val: 0x00000004
[inst #35] add x25,x11,x25
Register Write to Reg: 0x19 Val: 0x10010008
[inst #36] lw x26,0(x25)
Register Write to Reg: 0x1A Val: 0x00000002
[inst #37] blt x26,x24,28
[inst #38] slli x27,x22,2
Register Write to Reg: 0x1B Val: 0x00000000
[inst #39] add x27,x12,x27
Register Write to Reg: 0x1B Val: 0x10010024
[inst #40] sw x26,0(x27)
Memory Write to Addr: 0x10010024 Val: 0x00000002
[inst #41] addi x21,x21,1
Register Write to Reg: 0x15 Val: 0x00000002
[inst #42] addi x22,x22,1
Register Write to Reg: 0x16 Val: 0x00000001
[inst #43] jal x0,-88
Register Write to Reg: 0x00 Val: 0x004000EC
[inst #44] blt x20,x6,8
[inst #45] blt x21,x7,8
[inst #46] jal x0,80
Register Write to Reg: 0x00 Val: 0x004000A0
[inst #47] blt x20,x6,8
[inst #48] slli x23,x20,2
Register Write to Reg: 0x17 Val: 0x00000000
[inst #49] add x23,x11,x23
Register Write to Reg: 0x17 Val: 0x10010004
[inst #50] lw x24,0(x23)
Register Write to Reg: 0x18 Val: 0x00000007
[inst #51] slli x27,x22,2
Register Write to Reg: 0x1B Val: 0x00000004
[inst #52] add x27,x12,x27
Register Write to Reg: 0x1B Val: 0x10010028
[inst #53] sw x24,0(x27)
Memory Write to Addr: 0x10010028 Val: 0x00000007
[inst #54] addi x20,x20,1
Register Write to Reg: 0x14 Val: 0x00000001
[inst #55] addi x22,x22,1
Register Write to Reg: 0x16 Val: 0x00000002
[inst #56] jal x0,-40
Register Write to Reg: 0x00 Val: 0x00400118
[inst #57] blt x20,x6,8
[inst #58] jal x0,84
Register Write to Reg: 0x00 Val: 0x004000F4
[inst #59] addi x28,x0,0
Register Write to Reg: 0x1C Val: 0x00000000
[inst #60] slt x29,x28,x22
Register Write to Reg: 0x1D Val: 0x00000001
[inst #61] beq x29,x0,40
[inst #62] slli x30,x28,2
Register Write to Reg: 0x1E Val: 0x00000000
[inst #63] add x30,x12,x30
Register Write to Reg: 0x1E Val: 0x10010024
[inst #64] lw x31,0(x30)
Register Write to Reg: 0x1F Val: 0x00000002
[inst #65] add x30,x14,x28
Register Write to Reg: 0x1E Val: 0x00000000
[inst #66] slli x30,x30,2
Register Write to Reg: 0x1E Val: 0x00000000
[inst #67] add x30,x11,x30
Register Write to Reg: 0x1E Val: 0x10010004
[inst #68] sw x31,0(x30)
Memory Write to Addr: 0x10010004 Val: 0x00000002
[inst #69] addi x28,x28,1
Register Write to Reg: 0x1C Val: 0x00000001
[inst #70] jal x0,-40
Register Write to Reg: 0x00 Val: 0x00400174
[inst #71] slt x29,x28,x22
Register Write to Reg: 0x1D Val: 0x00000001
[inst #72] beq x29,x0,40
[inst #73] slli x30,x28,2
Register Write to Reg: 0x1E Val: 0x00000004
[inst #74] add x30,x12,x30
Register Write to Reg: 0x1E Val: 0x10010028
[inst #75] lw x31,0(x30)
Register Write to Reg: 0x1F Val: 0x00000007
[inst #76] add x30,x14,x28
Register Write to Reg: 0x1E Val: 0x00000001
[inst #77] slli x30,x30,2
Register Write to Reg: 0x1E Val: 0x00000004
[inst #78] add x30,x11,x30
Register Write to Reg: 0x1E Val: 0x10010008
[inst #79] sw x31,0(x30)
Memory Write to Addr: 0x10010008 Val: 0x00000007
[inst #80] addi x28,x28,1
Register Write to Reg: 0x1C Val: 0x00000002
[inst #81] jal x0,-40
Register Write to Reg: 0x00 Val: 0x00400174
[inst #82] slt x29,x28,x22
Register Write to Reg: 0x1D Val: 0x00000000
[inst #83] beq x29,x0,40
[inst #84] jalr x0,x1,0
Register Write to Reg: 0x00 Val: 0x00400178
[inst #85] slli x19,x13,1
Register Write to Reg: 0x13 Val: 0x00000002
[inst #86] add x14,x14,x19
Register Write to Reg: 0x0E Val: 0x00000002
[inst #87] jal x0,-60
Register Write to Reg: 0x00 Val: 0x00400074
[inst #88] addi x15,x10,-1
Register Write to Reg: 0x0F Val: 0x00000007
[inst #89] bge x14,x15,60
[inst #90] add x16,x14,x13
Register Write to Reg: 0x10 Val: 0x00000003
[inst #91] addi x16,x16,-1
Register Write to Reg: 0x10 Val: 0x00000002
[inst #92] addi x18,x10,-1
Register Write to Reg: 0x12 Val: 0x00000007
[inst #93] blt x16,x18,8
[inst #94] slli x17,x13,1
Register Write to Reg: 0x11 Val: 0x00000002
[inst #95] add x17,x17,x14
Register Write to Reg: 0x11 Val: 0x00000004
[inst #96] addi x17,x17,-1
Register Write to Reg: 0x11 Val: 0x00000003
[inst #97] blt x17,x18,8
[inst #98] jal x1,24
Register Write to Reg: 0x01 Val: 0x00400068
[inst #99] add x20,x14,x0
Register Write to Reg: 0x14 Val: 0x00000002
[inst #100] addi x21,x16,1
Register Write to Reg: 0x15 Val: 0x00000003
[inst #101] addi x22,x0,0
Register Write to Reg: 0x16 Val: 0x00000000
[inst #102] addi x6,x16,1
Register Write to Reg: 0x06 Val: 0x00000003
[inst #103] addi x7,x17,1
Register Write to Reg: 0x07 Val: 0x00000004
[inst #104] blt x20,x6,8
[inst #105] blt x21,x7,8
[inst #106] slli x23,x20,2
Register Write to Reg: 0x17 Val: 0x00000008
[inst #107] add x23,x11,x23
Register Write to Reg: 0x17 Val: 0x1001000C
[inst #108] lw x24,0(x23)
Register Write to Reg: 0x18 Val: 0x00000009
[inst #109] slli x25,x21,2
Register Write to Reg: 0x19 Val: 0x0000000C
[inst #110] add x25,x11,x25
Register Write to Reg: 0x19 Val: 0x10010010
[inst #111] lw x26,0(x25)
Register Write to Reg: 0x1A Val: 0x00000001
[inst #112] blt x26,x24,28
[inst #113] slli x27,x22,2
Register Write to Reg: 0x1B Val: 0x00000000
[inst #114] add x27,x12,x27
Register Write to Reg: 0x1B Val: 0x10010024
[inst #115] sw x26,0(x27)
Memory Write to Addr: 0x10010024 Val: 0x00000001
[inst #116] addi x21,x21,1
Register Write to Reg: 0x15 Val: 0x00000004
[inst #117] addi x22,x22,1
Register Write to Reg: 0x16 Val: 0x00000001
[inst #118] jal x0,-88
Register Write to Reg: 0x00 Val: 0x004000EC
[inst #119] blt x20,x6,8
[inst #120] blt x21,x7,8
[inst #121] jal x0,80
Register Write to Reg: 0x00 Val: 0x004000A0
[inst #122] blt x20,x6,8
[inst #123] slli x23,x20,2
Register Write to Reg: 0x17 Val: 0x00000008
[inst #124] add x23,x11,x23
Register Write to Reg: 0x17 Val: 0x1001000C
[inst #125] lw x24,0(x23)
Register Write to Reg: 0x18 Val: 0x00000009
[inst #126] slli x27,x22,2
Register Write to Reg: 0x1B Val: 0x00000004
[inst #127] add x27,x12,x27
Register Write to Reg: 0x1B Val: 0x10010028
[inst #128] sw x24,0(x27)
Memory Write to Addr: 0x10010028 Val: 0x00000009
[inst #129] addi x20,x20,1
Register Write to Reg: 0x14 Val: 0x00000003
[inst #130] addi x22,x22,1
Register Write to Reg: 0x16 Val: 0x00000002
[inst #131] jal x0,-40
Register Write to Reg: 0x00 Val: 0x00400118
[inst #132] blt x20,x6,8
[inst #133] jal x0,84
Register Write to Reg: 0x00 Val: 0x004000F4
[inst #134] addi x28,x0,0
Register Write to Reg: 0x1C Val: 0x00000000
[inst #135] slt x29,x28,x22
Register Write to Reg: 0x1D Val: 0x00000001
[inst #136] beq x29,x0,40
[inst #137] slli x30,x28,2
Register Write to Reg: 0x1E Val: 0x00000000
[inst #138] add x30,x12,x30
Register Write to Reg: 0x1E Val: 0x10010024
[inst #139] lw x31,0(x30)
Register Write to Reg: 0x1F Val: 0x00000001
[inst #140] add x30,x14,x28
Register Write to Reg: 0x1E Val: 0x00000002
[inst #141] slli x30,x30,2
Register Write to Reg: 0x1E Val: 0x00000008
[inst #142] add x30,x11,x30
Register Write to Reg: 0x1E Val: 0x1001000C
[inst #143] sw x31,0(x30)
Memory Write to Addr: 0x1001000C Val: 0x00000001
[inst #144] addi x28,x28,1
Register Write to Reg: 0x1C Val: 0x00000001
[inst #145] jal x0,-40
Register Write to Reg: 0x00 Val: 0x00400174
[inst #146] slt x29,x28,x22
Register Write to Reg: 0x1D Val: 0x00000001
[inst #147] beq x29,x0,40
[inst #148] slli x30,x28,2
Register Write to Reg: 0x1E Val: 0x00000004
[inst #149] add x30,x12,x30
Register Write to Reg: 0x1E Val: 0x10010028
[inst #150] lw x31,0(x30)
Register Write to Reg: 0x1F Val: 0x00000009
[inst #151] add x30,x14,x28
Register Write to Reg: 0x1E Val: 0x00000003
[inst #152] slli x30,x30,2
Register Write to Reg: 0x1E Val: 0x0000000C
[inst #153] add x30,x11,x30
Register Write to Reg: 0x1E Val: 0x10010010
[inst #154] sw x31,0(x30)
Memory Write to Addr: 0x10010010 Val: 0x00000009
[inst #155] addi x28,x28,1
Register Write to Reg: 0x1C Val: 0x00000002
[inst #156] jal x0,-40
Register Write to Reg: 0x00 Val: 0x00400174
[inst #157] slt x29,x28,x22
Register Write to Reg: 0x1D Val: 0x00000000
[inst #158] beq x29,x0,40
[inst #159] jalr x0,x1,0
Register Write to Reg: 0x00 Val: 0x00400178
[inst #160] slli x19,x13,1
Register Write to Reg: 0x13 Val: 0x00000002
[inst #161] add x14,x14,x19
Register Write to Reg: 0x0E Val: 0x00000004
[inst #162] jal x0,-60
Register Write to Reg: 0x00 Val: 0x00400074
[inst #163] addi x15,x10,-1
Register Write to Reg: 0x0F Val: 0x00000007
[inst #164] bge x14,x15,60
[inst #165] add x16,x14,x13
Register Write to Reg: 0x10 Val: 0x00000005
[inst #166] addi x16,x16,-1
Register Write to Reg: 0x10 Val: 0x00000004
[inst #167] addi x18,x10,-1
Register Write to Reg: 0x12 Val: 0x00000007
[inst #168] blt x16,x18,8
[inst #169] slli x17,x13,1
Register Write to Reg: 0x11 Val: 0x00000002
[inst #170] add x17,x17,x14
Register Write to Reg: 0x11 Val: 0x00000006
[inst #171] addi x17,x17,-1
Register Write to Reg: 0x11 Val: 0x00000005
[inst #172] blt x17,x18,8
[inst #173] jal x1,24
Register Write to Reg: 0x01 Val: 0x00400068
[inst #174] add x20,x14,x0
Register Write to Reg: 0x14 Val: 0x00000004
[inst #175] addi x21,x16,1
Register Write to Reg: 0x15 Val: 0x00000005
[inst #176] addi x22,x0,0
Register Write to Reg: 0x16 Val: 0x00000000
[inst #177] addi x6,x16,1
Register Write to Reg: 0x06 Val: 0x00000005
[inst #178] addi x7,x17,1
Register Write to Reg: 0x07 Val: 0x00000006
[inst #179] blt x20,x6,8
[inst #180] blt x21,x7,8
[inst #181] slli x23,x20,2
Register Write to Reg: 0x17 Val: 0x00000010
[inst #182] add x23,x11,x23
Register Write to Reg: 0x17 Val: 0x10010014
[inst #183] lw x24,0(x23)
Register Write to Reg: 0x18 Val: 0x00000006
[inst #184] slli x25,x21,2
Register Write to Reg: 0x19 Val: 0x00000014
[inst #185] add x25,x11,x25
Register Write to Reg: 0x19 Val: 0x10010018
[inst #186] lw x26,0(x25)
Register Write to Reg: 0x1A Val: 0x00000003
[inst #187] blt x26,x24,28
[inst #188] slli x27,x22,2
Register Write to Reg: 0x1B Val: 0x00000000
[inst #189] add x27,x12,x27
Register Write to Reg: 0x1B Val: 0x10010024
[inst #190] sw x26,0(x27)
Memory Write to Addr: 0x10010024 Val: 0x00000003
[inst #191] addi x21,x21,1
Register Write to Reg: 0x15 Val: 0x00000006
[inst #192] addi x22,x22,1
Register Write to Reg: 0x16 Val: 0x00000001
[inst #193] jal x0,-88
Register Write to Reg: 0x00 Val: 0x004000EC
[inst #194] blt x20,x6,8
[inst #195] blt x21,x7,8
[inst #196] jal x0,80
Register Write to Reg: 0x00 Val: 0x004000A0
[inst #197] blt x20,x6,8
[inst #198] slli x23,x20,2
Register Write to Reg: 0x17 Val: 0x00000010
[inst #199] add x23,x11,x23
Register Write to Reg: 0x17 Val: 0x10010014
[inst #200] lw x24,0(x23)
Register Write to Reg: 0x18 Val: 0x00000006
[inst #201] slli x27,x22,2
Register Write to Reg: 0x1B Val: 0x00000004
[inst #202] add x27,x12,x27
Register Write to Reg: 0x1B Val: 0x10010028
[inst #203] sw x24,0(x27)
Memory Write to Addr: 0x10010028 Val: 0x00000006
[inst #204] addi x20,x20,1
Register Write to Reg: 0x14 Val: 0x00000005
[inst #205] addi x22,x22,1
Register Write to Reg: 0x16 Val: 0x00000002
[inst #206] jal x0,-40
Register Write to Reg: 0x00 Val: 0x00400118
[inst #207] blt x20,x6,8
[inst #208] jal x0,84
Register Write to Reg: 0x00 Val: 0x004000F4
[inst #209] addi x28,x0,0
Register Write to Reg: 0x1C Val: 0x00000000
[inst #210] slt x29,x28,x22
Register Write to Reg: 0x1D Val: 0x00000001
[inst #211] beq x29,x0,40
[inst #212] slli x30,x28,2
Register Write to Reg: 0x1E Val: 0x00000000
[inst #213] add x30,x12,x30
Register Write to Reg: 0x1E Val: 0x10010024
[inst #214] lw x31,0(x30)
Register Write to Reg: 0x1F Val: 0x00000003
[inst #215] add x30,x14,x28
Register Write to Reg: 0x1E Val: 0x00000004
[inst #216] slli x30,x30,2
Register Write to Reg: 0x1E Val: 0x00000010
[inst #217] add x30,x11,x30
Register Write to Reg: 0x1E Val: 0x10010014
[inst #218] sw x31,0(x30)
Memory Write to Addr: 0x10010014 Val: 0x00000003
[inst #219] addi x28,x28,1
Register Write to Reg: 0x1C Val: 0x00000001
[inst #220] jal x0,-40
Register Write to Reg: 0x00 Val: 0x00400174
[inst #221] slt x29,x28,x22
Register Write to Reg: 0x1D Val: 0x00000001
[inst #222] beq x29,x0,40
[inst #223] slli x30,x28,2
Register Write to Reg: 0x1E Val: 0x00000004
[inst #224] add x30,x12,x30
Register Write to Reg: 0x1E Val: 0x10010028
[inst #225] lw x31,0(x30)
Register Write to Reg: 0x1F Val: 0x00000006
[inst #226] add x30,x14,x28
Register Write to Reg: 0x1E Val: 0x00000005
[inst #227] slli x30,x30,2
Register Write to Reg: 0x1E Val: 0x00000014
[inst #228] add x30,x11,x30
Register Write to Reg: 0x1E Val: 0x10010018
[inst #229] sw x31,0(x30)
Memory Write to Addr: 0x10010018 Val: 0x00000006
[inst #230] addi x28,x28,1
Register Write to Reg: 0x1C Val: 0x00000002
[inst #231] jal x0,-40
Register Write to Reg: 0x00 Val: 0x00400174
[inst #232] slt x29,x28,x22
Register Write to Reg: 0x1D Val: 0x00000000
[inst #233] beq x29,x0,40
[inst #234] jalr x0,x1,0
Register Write to Reg: 0x00 Val: 0x00400178
[inst #235] slli x19,x13,1
Register Write to Reg: 0x13 Val: 0x00000002
[inst #236] add x14,x14,x19
Register Write to Reg: 0x0E Val: 0x00000006
[inst #237] jal x0,-60
Register Write to Reg: 0x00 Val: 0x00400074
[inst #238] addi x15,x10,-1
Register Write to Reg: 0x0F Val: 0x00000007
[inst #239] bge x14,x15,60
[inst #240] add x16,x14,x13
Register Write to Reg: 0x10 Val: 0x00000007
[inst #241] addi x16,x16,-1
Register Write to Reg: 0x10 Val: 0x00000006
[inst #242] addi x18,x10,-1
Register Write to Reg: 0x12 Val: 0x00000007
[inst #243] blt x16,x18,8
[inst #244] slli x17,x13,1
Register Write to Reg: 0x11 Val: 0x00000002
[inst #245] add x17,x17,x14
Register Write to Reg: 0x11 Val: 0x00000008
[inst #246] addi x17,x17,-1
Register Write to Reg: 0x11 Val: 0x00000007
[inst #247] blt x17,x18,8
[inst #248] add x17,x18,x0
Register Write to Reg: 0x11 Val: 0x00000007
[inst #249] jal x1,24
Register Write to Reg: 0x01 Val: 0x00400068
[inst #250] add x20,x14,x0
Register Write to Reg: 0x14 Val: 0x00000006
[inst #251] addi x21,x16,1
Register Write to Reg: 0x15 Val: 0x00000007
[inst #252] addi x22,x0,0
Register Write to Reg: 0x16 Val: 0x00000000
[inst #253] addi x6,x16,1
Register Write to Reg: 0x06 Val: 0x00000007
[inst #254] addi x7,x17,1
Register Write to Reg: 0x07 Val: 0x00000008
[inst #255] blt x20,x6,8
[inst #256] blt x21,x7,8
[inst #257] slli x23,x20,2
Register Write to Reg: 0x17 Val: 0x00000018
[inst #258] add x23,x11,x23
Register Write to Reg: 0x17 Val: 0x1001001C
[inst #259] lw x24,0(x23)
Register Write to Reg: 0x18 Val: 0x00000008
[inst #260] slli x25,x21,2
Register Write to Reg: 0x19 Val: 0x0000001C
[inst #261] add x25,x11,x25
Register Write to Reg: 0x19 Val: 0x10010020
[inst #262] lw x26,0(x25)
Register Write to Reg: 0x1A Val: 0x00000005
[inst #263] blt x26,x24,28
[inst #264] slli x27,x22,2
Register Write to Reg: 0x1B Val: 0x00000000
[inst #265] add x27,x12,x27
Register Write to Reg: 0x1B Val: 0x10010024
[inst #266] sw x26,0(x27)
Memory Write to Addr: 0x10010024 Val: 0x00000005
[inst #267] addi x21,x21,1
Register Write to Reg: 0x15 Val: 0x00000008
[inst #268] addi x22,x22,1
Register Write to Reg: 0x16 Val: 0x00000001
[inst #269] jal x0,-88
Register Write to Reg: 0x00 Val: 0x004000EC
[inst #270] blt x20,x6,8
[inst #271] blt x21,x7,8
[inst #272] jal x0,80
Register Write to Reg: 0x00 Val: 0x004000A0
[inst #273] blt x20,x6,8
[inst #274] slli x23,x20,2
Register Write to Reg: 0x17 Val: 0x00000018
[inst #275] add x23,x11,x23
Register Write to Reg: 0x17 Val: 0x1001001C
[inst #276] lw x24,0(x23)
Register Write to Reg: 0x18 Val: 0x00000008
[inst #277] slli x27,x22,2
Register Write to Reg: 0x1B Val: 0x00000004
[inst #278] add x27,x12,x27
Register Write to Reg: 0x1B Val: 0x10010028
[inst #279] sw x24,0(x27)
Memory Write to Addr: 0x10010028 Val: 0x00000008
[inst #280] addi x20,x20,1
Register Write to Reg: 0x14 Val: 0x00000007
[inst #281] addi x22,x22,1
Register Write to Reg: 0x16 Val: 0x00000002
[inst #282] jal x0,-40
Register Write to Reg: 0x00 Val: 0x00400118
[inst #283] blt x20,x6,8
[inst #284] jal x0,84
Register Write to Reg: 0x00 Val: 0x004000F4
[inst #285] addi x28,x0,0
Register Write to Reg: 0x1C Val: 0x00000000
[inst #286] slt x29,x28,x22
Register Write to Reg: 0x1D Val: 0x00000001
[inst #287] beq x29,x0,40
[inst #288] slli x30,x28,2
Register Write to Reg: 0x1E Val: 0x00000000
[inst #289] add x30,x12,x30
Register Write to Reg: 0x1E Val: 0x10010024
[inst #290] lw x31,0(x30)
Register Write to Reg: 0x1F Val: 0x00000005
[inst #291] add x30,x14,x28
Register Write to Reg: 0x1E Val: 0x00000006
[inst #292] slli x30,x30,2
Register Write to Reg: 0x1E Val: 0x00000018
[inst #293] add x30,x11,x30
Register Write to Reg: 0x1E Val: 0x1001001C
[inst #294] sw x31,0(x30)
Memory Write to Addr: 0x1001001C Val: 0x00000005
[inst #295] addi x28,x28,1
Register Write to Reg: 0x1C Val: 0x00000001
[inst #296] jal x0,-40
Register Write to Reg: 0x00 Val: 0x00400174
[inst #297] slt x29,x28,x22
Register Write to Reg: 0x1D Val: 0x00000001
[inst #298] beq x29,x0,40
[inst #299] slli x30,x28,2
Register Write to Reg: 0x1E Val: 0x00000004
[inst #300] add x30,x12,x30
Register Write to Reg: 0x1E Val: 0x10010028
[inst #301] lw x31,0(x30)
Register Write to Reg: 0x1F Val: 0x00000008
[inst #302] add x30,x14,x28
Register Write to Reg: 0x1E Val: 0x00000007
[inst #303] slli x30,x30,2
Register Write to Reg: 0x1E Val: 0x0000001C
[inst #304] add x30,x11,x30
Register Write to Reg: 0x1E Val: 0x10010020
[inst #305] sw x31,0(x30)
Memory Write to Addr: 0x10010020 Val: 0x00000008
[inst #306] addi x28,x28,1
Register Write to Reg: 0x1C Val: 0x00000002
[inst #307] jal x0,-40
Register Write to Reg: 0x00 Val: 0x00400174
[inst #308] slt x29,x28,x22
Register Write to Reg: 0x1D Val: 0x00000000
[inst #309] beq x29,x0,40
[inst #310] jalr x0,x1,0
Register Write to Reg: 0x00 Val: 0x00400178
[inst #311] slli x19,x13,1
Register Write to Reg: 0x13 Val: 0x00000002
[inst #312] add x14,x14,x19
Register Write to Reg: 0x0E Val: 0x00000008
[inst #313] jal x0,-60
Register Write to Reg: 0x00 Val: 0x00400074
[inst #314] addi x15,x10,-1
Register Write to Reg: 0x0F Val: 0x00000007
[inst #315] bge x14,x15,60
[inst #316] slli x13,x13,1
Register Write to Reg: 0x0D Val: 0x00000002
[inst #317] jal x0,-80
Register Write to Reg: 0x00 Val: 0x0040007C
[inst #318] blt x13,x10,8
[inst #319] addi x14,x0,0
Register Write to Reg: 0x0E Val: 0x00000000
[inst #320] addi x15,x10,-1
Register Write to Reg: 0x0F Val: 0x00000007
[inst #321] bge x14,x15,60
[inst #322] add x16,x14,x13
Register Write to Reg: 0x10 Val: 0x00000002
[inst #323] addi x16,x16,-1
Register Write to Reg: 0x10 Val: 0x00000001
[inst #324] addi x18,x10,-1
Register Write to Reg: 0x12 Val: 0x00000007
[inst #325] blt x16,x18,8
[inst #326] slli x17,x13,1
Register Write to Reg: 0x11 Val: 0x00000004
[inst #327] add x17,x17,x14
Register Write to Reg: 0x11 Val: 0x00000004
[inst #328] addi x17,x17,-1
Register Write to Reg: 0x11 Val: 0x00000003
[inst #329] blt x17,x18,8
[inst #330] jal x1,24
Register Write to Reg: 0x01 Val: 0x00400068
[inst #331] add x20,x14,x0
Register Write to Reg: 0x14 Val: 0x00000000
[inst #332] addi x21,x16,1
Register Write to Reg: 0x15 Val: 0x00000002
[inst #333] addi x22,x0,0
Register Write to Reg: 0x16 Val: 0x00000000
[inst #334] addi x6,x16,1
Register Write to Reg: 0x06 Val: 0x00000002
[inst #335] addi x7,x17,1
Register Write to Reg: 0x07 Val: 0x00000004
[inst #336] blt x20,x6,8
[inst #337] blt x21,x7,8
[inst #338] slli x23,x20,2
Register Write to Reg: 0x17 Val: 0x00000000
[inst #339] add x23,x11,x23
Register Write to Reg: 0x17 Val: 0x10010004
[inst #340] lw x24,0(x23)
Register Write to Reg: 0x18 Val: 0x00000002
[inst #341] slli x25,x21,2
Register Write to Reg: 0x19 Val: 0x00000008
[inst #342] add x25,x11,x25
Register Write to Reg: 0x19 Val: 0x1001000C
[inst #343] lw x26,0(x25)
Register Write to Reg: 0x1A Val: 0x00000001
[inst #344] blt x26,x24,28
[inst #345] slli x27,x22,2
Register Write to Reg: 0x1B Val: 0x00000000
[inst #346] add x27,x12,x27
Register Write to Reg: 0x1B Val: 0x10010024
[inst #347] sw x26,0(x27)
Memory Write to Addr: 0x10010024 Val: 0x00000001
[inst #348] addi x21,x21,1
Register Write to Reg: 0x15 Val: 0x00000003
[inst #349] addi x22,x22,1
Register Write to Reg: 0x16 Val: 0x00000001
[inst #350] jal x0,-88
Register Write to Reg: 0x00 Val: 0x004000EC
[inst #351] blt x20,x6,8
[inst #352] blt x21,x7,8
[inst #353] slli x23,x20,2
Register Write to Reg: 0x17 Val: 0x00000000
[inst #354] add x23,x11,x23
Register Write to Reg: 0x17 Val: 0x10010004
[inst #355] lw x24,0(x23)
Register Write to Reg: 0x18 Val: 0x00000002
[inst #356] slli x25,x21,2
Register Write to Reg: 0x19 Val: 0x0000000C
[inst #357] add x25,x11,x25
Register Write to Reg: 0x19 Val: 0x10010010
[inst #358] lw x26,0(x25)
Register Write to Reg: 0x1A Val: 0x00000009
[inst #359] blt x26,x24,28
[inst #360] slli x27,x22,2
Register Write to Reg: 0x1B Val: 0x00000004
[inst #361] add x27,x12,x27
Register Write to Reg: 0x1B Val: 0x10010028
[inst #362] sw x24,0(x27)
Memory Write to Addr: 0x10010028 Val: 0x00000002
[inst #363] addi x20,x20,1
Register Write to Reg: 0x14 Val: 0x00000001
[inst #364] addi x22,x22,1
Register Write to Reg: 0x16 Val: 0x00000002
[inst #365] jal x0,-64
Register Write to Reg: 0x00 Val: 0x004000D4
[inst #366] blt x20,x6,8
[inst #367] blt x21,x7,8
[inst #368] slli x23,x20,2
Register Write to Reg: 0x17 Val: 0x00000004
[inst #369] add x23,x11,x23
Register Write to Reg: 0x17 Val: 0x10010008
[inst #370] lw x24,0(x23)
Register Write to Reg: 0x18 Val: 0x00000007
[inst #371] slli x25,x21,2
Register Write to Reg: 0x19 Val: 0x0000000C
[inst #372] add x25,x11,x25
Register Write to Reg: 0x19 Val: 0x10010010
[inst #373] lw x26,0(x25)
Register Write to Reg: 0x1A Val: 0x00000009
[inst #374] blt x26,x24,28
[inst #375] slli x27,x22,2
Register Write to Reg: 0x1B Val: 0x00000008
[inst #376] add x27,x12,x27
Register Write to Reg: 0x1B Val: 0x1001002C
[inst #377] sw x24,0(x27)
Memory Write to Addr: 0x1001002C Val: 0x00000007
[inst #378] addi x20,x20,1
Register Write to Reg: 0x14 Val: 0x00000002
[inst #379] addi x22,x22,1
Register Write to Reg: 0x16 Val: 0x00000003
[inst #380] jal x0,-64
Register Write to Reg: 0x00 Val: 0x004000D4
[inst #381] blt x20,x6,8
[inst #382] jal x0,132
Register Write to Reg: 0x00 Val: 0x00400098
[inst #383] blt x21,x7,8
[inst #384] slli x25,x21,2
Register Write to Reg: 0x19 Val: 0x0000000C
[inst #385] add x25,x11,x25
Register Write to Reg: 0x19 Val: 0x10010010
[inst #386] lw x26,0(x25)
Register Write to Reg: 0x1A Val: 0x00000009
[inst #387] slli x27,x22,2
Register Write to Reg: 0x1B Val: 0x0000000C
[inst #388] add x27,x12,x27
Register Write to Reg: 0x1B Val: 0x10010030
[inst #389] sw x26,0(x27)
Memory Write to Addr: 0x10010030 Val: 0x00000009
[inst #390] addi x21,x21,1
Register Write to Reg: 0x15 Val: 0x00000004
[inst #391] addi x22,x22,1
Register Write to Reg: 0x16 Val: 0x00000004
[inst #392] jal x0,-40
Register Write to Reg: 0x00 Val: 0x00400144
[inst #393] blt x21,x7,8
[inst #394] jal x0,40
Register Write to Reg: 0x00 Val: 0x00400120
[inst #395] addi x28,x0,0
Register Write to Reg: 0x1C Val: 0x00000000
[inst #396] slt x29,x28,x22
Register Write to Reg: 0x1D Val: 0x00000001
[inst #397] beq x29,x0,40
[inst #398] slli x30,x28,2
Register Write to Reg: 0x1E Val: 0x00000000
[inst #399] add x30,x12,x30
Register Write to Reg: 0x1E Val: 0x10010024
[inst #400] lw x31,0(x30)
Register Write to Reg: 0x1F Val: 0x00000001
[inst #401] add x30,x14,x28
Register Write to Reg: 0x1E Val: 0x00000000
[inst #402] slli x30,x30,2
Register Write to Reg: 0x1E Val: 0x00000000
[inst #403] add x30,x11,x30
Register Write to Reg: 0x1E Val: 0x10010004
[inst #404] sw x31,0(x30)
Memory Write to Addr: 0x10010004 Val: 0x00000001
[inst #405] addi x28,x28,1
Register Write to Reg: 0x1C Val: 0x00000001
[inst #406] jal x0,-40
Register Write to Reg: 0x00 Val: 0x00400174
[inst #407] slt x29,x28,x22
Register Write to Reg: 0x1D Val: 0x00000001
[inst #408] beq x29,x0,40
[inst #409] slli x30,x28,2
Register Write to Reg: 0x1E Val: 0x00000004
[inst #410] add x30,x12,x30
Register Write to Reg: 0x1E Val: 0x10010028
[inst #411] lw x31,0(x30)
Register Write to Reg: 0x1F Val: 0x00000002
[inst #412] add x30,x14,x28
Register Write to Reg: 0x1E Val: 0x00000001
[inst #413] slli x30,x30,2
Register Write to Reg: 0x1E Val: 0x00000004
[inst #414] add x30,x11,x30
Register Write to Reg: 0x1E Val: 0x10010008
[inst #415] sw x31,0(x30)
Memory Write to Addr: 0x10010008 Val: 0x00000002
[inst #416] addi x28,x28,1
Register Write to Reg: 0x1C Val: 0x00000002
[inst #417] jal x0,-40
Register Write to Reg: 0x00 Val: 0x00400174
[inst #418] slt x29,x28,x22
Register Write to Reg: 0x1D Val: 0x00000001
[inst #419] beq x29,x0,40
[inst #420] slli x30,x28,2
Register Write to Reg: 0x1E Val: 0x00000008
[inst #421] add x30,x12,x30
Register Write to Reg: 0x1E Val: 0x1001002C
[inst #422] lw x31,0(x30)
Register Write to Reg: 0x1F Val: 0x00000007
[inst #423] add x30,x14,x28
Register Write to Reg: 0x1E Val: 0x00000002
[inst #424] slli x30,x30,2
Register Write to Reg: 0x1E Val: 0x00000008
[inst #425] add x30,x11,x30
Register Write to Reg: 0x1E Val: 0x1001000C
[inst #426] sw x31,0(x30)
Memory Write to Addr: 0x1001000C Val: 0x00000007
[inst #427] addi x28,x28,1
Register Write to Reg: 0x1C Val: 0x00000003
[inst #428] jal x0,-40
Register Write to Reg: 0x00 Val: 0x00400174
[inst #429] slt x29,x28,x22
Register Write to Reg: 0x1D Val: 0x00000001
[inst #430] beq x29,x0,40
[inst #431] slli x30,x28,2
Register Write to Reg: 0x1E Val: 0x0000000C
[inst #432] add x30,x12,x30
Register Write to Reg: 0x1E Val: 0x10010030
[inst #433] lw x31,0(x30)
Register Write to Reg: 0x1F Val: 0x00000009
[inst #434] add x30,x14,x28
Register Write to Reg: 0x1E Val: 0x00000003
[inst #435] slli x30,x30,2
Register Write to Reg: 0x1E Val: 0x0000000C
[inst #436] add x30,x11,x30
Register Write to Reg: 0x1E Val: 0x10010010
[inst #437] sw x31,0(x30)
Memory Write to Addr: 0x10010010 Val: 0x00000009
[inst #438] addi x28,x28,1
Register Write to Reg: 0x1C Val: 0x00000004
[inst #439] jal x0,-40
Register Write to Reg: 0x00 Val: 0x00400174
[inst #440] slt x29,x28,x22
Register Write to Reg: 0x1D Val: 0x00000000
[inst #441] beq x29,x0,40
[inst #442] jalr x0,x1,0
Register Write to Reg: 0x00 Val: 0x00400178
[inst #443] slli x19,x13,1
Register Write to Reg: 0x13 Val: 0x00000004
[inst #444] add x14,x14,x19
Register Write to Reg: 0x0E Val: 0x00000004
[inst #445] jal x0,-60
Register Write to Reg: 0x00 Val: 0x00400074
[inst #446] addi x15,x10,-1
Register Write to Reg: 0x0F Val: 0x00000007
[inst #447] bge x14,x15,60
[inst #448] add x16,x14,x13
Register Write to Reg: 0x10 Val: 0x00000006
[inst #449] addi x16,x16,-1
Register Write to Reg: 0x10 Val: 0x00000005
[inst #450] addi x18,x10,-1
Register Write to Reg: 0x12 Val: 0x00000007
[inst #451] blt x16,x18,8
[inst #452] slli x17,x13,1
Register Write to Reg: 0x11 Val: 0x00000004
[inst #453] add x17,x17,x14
Register Write to Reg: 0x11 Val: 0x00000008
[inst #454] addi x17,x17,-1
Register Write to Reg: 0x11 Val: 0x00000007
[inst #455] blt x17,x18,8
[inst #456] add x17,x18,x0
Register Write to Reg: 0x11 Val: 0x00000007
[inst #457] jal x1,24
Register Write to Reg: 0x01 Val: 0x00400068
[inst #458] add x20,x14,x0
Register Write to Reg: 0x14 Val: 0x00000004
[inst #459] addi x21,x16,1
Register Write to Reg: 0x15 Val: 0x00000006
[inst #460] addi x22,x0,0
Register Write to Reg: 0x16 Val: 0x00000000
[inst #461] addi x6,x16,1
Register Write to Reg: 0x06 Val: 0x00000006
[inst #462] addi x7,x17,1
Register Write to Reg: 0x07 Val: 0x00000008
[inst #463] blt x20,x6,8
[inst #464] blt x21,x7,8
[inst #465] slli x23,x20,2
Register Write to Reg: 0x17 Val: 0x00000010
[inst #466] add x23,x11,x23
Register Write to Reg: 0x17 Val: 0x10010014
[inst #467] lw x24,0(x23)
Register Write to Reg: 0x18 Val: 0x00000003
[inst #468] slli x25,x21,2
Register Write to Reg: 0x19 Val: 0x00000018
[inst #469] add x25,x11,x25
Register Write to Reg: 0x19 Val: 0x1001001C
[inst #470] lw x26,0(x25)
Register Write to Reg: 0x1A Val: 0x00000005
[inst #471] blt x26,x24,28
[inst #472] slli x27,x22,2
Register Write to Reg: 0x1B Val: 0x00000000
[inst #473] add x27,x12,x27
Register Write to Reg: 0x1B Val: 0x10010024
[inst #474] sw x24,0(x27)
Memory Write to Addr: 0x10010024 Val: 0x00000003
[inst #475] addi x20,x20,1
Register Write to Reg: 0x14 Val: 0x00000005
[inst #476] addi x22,x22,1
Register Write to Reg: 0x16 Val: 0x00000001
[inst #477] jal x0,-64
Register Write to Reg: 0x00 Val: 0x004000D4
[inst #478] blt x20,x6,8
[inst #479] blt x21,x7,8
[inst #480] slli x23,x20,2
Register Write to Reg: 0x17 Val: 0x00000014
[inst #481] add x23,x11,x23
Register Write to Reg: 0x17 Val: 0x10010018
[inst #482] lw x24,0(x23)
Register Write to Reg: 0x18 Val: 0x00000006
[inst #483] slli x25,x21,2
Register Write to Reg: 0x19 Val: 0x00000018
[inst #484] add x25,x11,x25
Register Write to Reg: 0x19 Val: 0x1001001C
[inst #485] lw x26,0(x25)
Register Write to Reg: 0x1A Val: 0x00000005
[inst #486] blt x26,x24,28
[inst #487] slli x27,x22,2
Register Write to Reg: 0x1B Val: 0x00000004
[inst #488] add x27,x12,x27
Register Write to Reg: 0x1B Val: 0x10010028
[inst #489] sw x26,0(x27)
Memory Write to Addr: 0x10010028 Val: 0x00000005
[inst #490] addi x21,x21,1
Register Write to Reg: 0x15 Val: 0x00000007
[inst #491] addi x22,x22,1
Register Write to Reg: 0x16 Val: 0x00000002
[inst #492] jal x0,-88
Register Write to Reg: 0x00 Val: 0x004000EC
[inst #493] blt x20,x6,8
[inst #494] blt x21,x7,8
[inst #495] slli x23,x20,2
Register Write to Reg: 0x17 Val: 0x00000014
[inst #496] add x23,x11,x23
Register Write to Reg: 0x17 Val: 0x10010018
[inst #497] lw x24,0(x23)
Register Write to Reg: 0x18 Val: 0x00000006
[inst #498] slli x25,x21,2
Register Write to Reg: 0x19 Val: 0x0000001C
[inst #499] add x25,x11,x25
Register Write to Reg: 0x19 Val: 0x10010020
[inst #500] lw x26,0(x25)
Register Write to Reg: 0x1A Val: 0x00000008
[inst #501] blt x26,x24,28
[inst #502] slli x27,x22,2
Register Write to Reg: 0x1B Val: 0x00000008
[inst #503] add x27,x12,x27
Register Write to Reg: 0x1B Val: 0x1001002C
[inst #504] sw x24,0(x27)
Memory Write to Addr: 0x1001002C Val: 0x00000006
[inst #505] addi x20,x20,1
Register Write to Reg: 0x14 Val: 0x00000006
[inst #506] addi x22,x22,1
Register Write to Reg: 0x16 Val: 0x00000003
[inst #507] jal x0,-64
Register Write to Reg: 0x00 Val: 0x004000D4
[inst #508] blt x20,x6,8
[inst #509] jal x0,132
Register Write to Reg: 0x00 Val: 0x00400098
[inst #510] blt x21,x7,8
[inst #511] slli x25,x21,2
Register Write to Reg: 0x19 Val: 0x0000001C
[inst #512] add x25,x11,x25
Register Write to Reg: 0x19 Val: 0x10010020
[inst #513] lw x26,0(x25)
Register Write to Reg: 0x1A Val: 0x00000008
[inst #514] slli x27,x22,2
Register Write to Reg: 0x1B Val: 0x0000000C
[inst #515] add x27,x12,x27
Register Write to Reg: 0x1B Val: 0x10010030
[inst #516] sw x26,0(x27)
Memory Write to Addr: 0x10010030 Val: 0x00000008
[inst #517] addi x21,x21,1
Register Write to Reg: 0x15 Val: 0x00000008
[inst #518] addi x22,x22,1
Register Write to Reg: 0x16 Val: 0x00000004
[inst #519] jal x0,-40
Register Write to Reg: 0x00 Val: 0x00400144
[inst #520] blt x21,x7,8
[inst #521] jal x0,40
Register Write to Reg: 0x00 Val: 0x00400120
[inst #522] addi x28,x0,0
Register Write to Reg: 0x1C Val: 0x00000000
[inst #523] slt x29,x28,x22
Register Write to Reg: 0x1D Val: 0x00000001
[inst #524] beq x29,x0,40
[inst #525] slli x30,x28,2
Register Write to Reg: 0x1E Val: 0x00000000
[inst #526] add x30,x12,x30
Register Write to Reg: 0x1E Val: 0x10010024
[inst #527] lw x31,0(x30)
Register Write to Reg: 0x1F Val: 0x00000003
[inst #528] add x30,x14,x28
Register Write to Reg: 0x1E Val: 0x00000004
[inst #529] slli x30,x30,2
Register Write to Reg: 0x1E Val: 0x00000010
[inst #530] add x30,x11,x30
Register Write to Reg: 0x1E Val: 0x10010014
[inst #531] sw x31,0(x30)
Memory Write to Addr: 0x10010014 Val: 0x00000003
[inst #532] addi x28,x28,1
Register Write to Reg: 0x1C Val: 0x00000001
[inst #533] jal x0,-40
Register Write to Reg: 0x00 Val: 0x00400174
[inst #534] slt x29,x28,x22
Register Write to Reg: 0x1D Val: 0x00000001
[inst #535] beq x29,x0,40
[inst #536] slli x30,x28,2
Register Write to Reg: 0x1E Val: 0x00000004
[inst #537] add x30,x12,x30
Register Write to Reg: 0x1E Val: 0x10010028
[inst #538] lw x31,0(x30)
Register Write to Reg: 0x1F Val: 0x00000005
[inst #539] add x30,x14,x28
Register Write to Reg: 0x1E Val: 0x00000005
[inst #540] slli x30,x30,2
Register Write to Reg: 0x1E Val: 0x00000014
[inst #541] add x30,x11,x30
Register Write to Reg: 0x1E Val: 0x10010018
[inst #542] sw x31,0(x30)
Memory Write to Addr: 0x10010018 Val: 0x00000005
[inst #543] addi x28,x28,1
Register Write to Reg: 0x1C Val: 0x00000002
[inst #544] jal x0,-40
Register Write to Reg: 0x00 Val: 0x00400174
[inst #545] slt x29,x28,x22
Register Write to Reg: 0x1D Val: 0x00000001
[inst #546] beq x29,x0,40
[inst #547] slli x30,x28,2
Register Write to Reg: 0x1E Val: 0x00000008
[inst #548] add x30,x12,x30
Register Write to Reg: 0x1E Val: 0x1001002C
[inst #549] lw x31,0(x30)
Register Write to Reg: 0x1F Val: 0x00000006
[inst #550] add x30,x14,x28
Register Write to Reg: 0x1E Val: 0x00000006
[inst #551] slli x30,x30,2
Register Write to Reg: 0x1E Val: 0x00000018
[inst #552] add x30,x11,x30
Register Write to Reg: 0x1E Val: 0x1001001C
[inst #553] sw x31,0(x30)
Memory Write to Addr: 0x1001001C Val: 0x00000006
[inst #554] addi x28,x28,1
Register Write to Reg: 0x1C Val: 0x00000003
[inst #555] jal x0,-40
Register Write to Reg: 0x00 Val: 0x00400174
[inst #556] slt x29,x28,x22
Register Write to Reg: 0x1D Val: 0x00000001
[inst #557] beq x29,x0,40
[inst #558] slli x30,x28,2
Register Write to Reg: 0x1E Val: 0x0000000C
[inst #559] add x30,x12,x30
Register Write to Reg: 0x1E Val: 0x10010030
[inst #560] lw x31,0(x30)
Register Write to Reg: 0x1F Val: 0x00000008
[inst #561] add x30,x14,x28
Register Write to Reg: 0x1E Val: 0x00000007
[inst #562] slli x30,x30,2
Register Write to Reg: 0x1E Val: 0x0000001C
[inst #563] add x30,x11,x30
Register Write to Reg: 0x1E Val: 0x10010020
[inst #564] sw x31,0(x30)
Memory Write to Addr: 0x10010020 Val: 0x00000008
[inst #565] addi x28,x28,1
Register Write to Reg: 0x1C Val: 0x00000004
[inst #566] jal x0,-40
Register Write to Reg: 0x00 Val: 0x00400174
[inst #567] slt x29,x28,x22
Register Write to Reg: 0x1D Val: 0x00000000
[inst #568] beq x29,x0,40
[inst #569] jalr x0,x1,0
Register Write to Reg: 0x00 Val: 0x00400178
[inst #570] slli x19,x13,1
Register Write to Reg: 0x13 Val: 0x00000004
[inst #571] add x14,x14,x19
Register Write to Reg: 0x0E Val: 0x00000008
[inst #572] jal x0,-60
Register Write to Reg: 0x00 Val: 0x00400074
[inst #573] addi x15,x10,-1
Register Write to Reg: 0x0F Val: 0x00000007
[inst #574] bge x14,x15,60
[inst #575] slli x13,x13,1
Register Write to Reg: 0x0D Val: 0x00000004
[inst #576] jal x0,-80
Register Write to Reg: 0x00 Val: 0x0040007C
[inst #577] blt x13,x10,8
[inst #578] addi x14,x0,0
Register Write to Reg: 0x0E Val: 0x00000000
[inst #579] addi x15,x10,-1
Register Write to Reg: 0x0F Val: 0x00000007
[inst #580] bge x14,x15,60
[inst #581] add x16,x14,x13
Register Write to Reg: 0x10 Val: 0x00000004
[inst #582] addi x16,x16,-1
Register Write to Reg: 0x10 Val: 0x00000003
[inst #583] addi x18,x10,-1
Register Write to Reg: 0x12 Val: 0x00000007
[inst #584] blt x16,x18,8
[inst #585] slli x17,x13,1
Register Write to Reg: 0x11 Val: 0x00000008
[inst #586] add x17,x17,x14
Register Write to Reg: 0x11 Val: 0x00000008
[inst #587] addi x17,x17,-1
Register Write to Reg: 0x11 Val: 0x00000007
[inst #588] blt x17,x18,8
[inst #589] add x17,x18,x0
Register Write to Reg: 0x11 Val: 0x00000007
[inst #590] jal x1,24
Register Write to Reg: 0x01 Val: 0x00400068
[inst #591] add x20,x14,x0
Register Write to Reg: 0x14 Val: 0x00000000
[inst #592] addi x21,x16,1
Register Write to Reg: 0x15 Val: 0x00000004
[inst #593] addi x22,x0,0
Register Write to Reg: 0x16 Val: 0x00000000
[inst #594] addi x6,x16,1
Register Write to Reg: 0x06 Val: 0x00000004
[inst #595] addi x7,x17,1
Register Write to Reg: 0x07 Val: 0x00000008
[inst #596] blt x20,x6,8
[inst #597] blt x21,x7,8
[inst #598] slli x23,x20,2
Register Write to Reg: 0x17 Val: 0x00000000
[inst #599] add x23,x11,x23
Register Write to Reg: 0x17 Val: 0x10010004
[inst #600] lw x24,0(x23)
Register Write to Reg: 0x18 Val: 0x00000001
[inst #601] slli x25,x21,2
Register Write to Reg: 0x19 Val: 0x00000010
[inst #602] add x25,x11,x25
Register Write to Reg: 0x19 Val: 0x10010014
[inst #603] lw x26,0(x25)
Register Write to Reg: 0x1A Val: 0x00000003
[inst #604] blt x26,x24,28
[inst #605] slli x27,x22,2
Register Write to Reg: 0x1B Val: 0x00000000
[inst #606] add x27,x12,x27
Register Write to Reg: 0x1B Val: 0x10010024
[inst #607] sw x24,0(x27)
Memory Write to Addr: 0x10010024 Val: 0x00000001
[inst #608] addi x20,x20,1
Register Write to Reg: 0x14 Val: 0x00000001
[inst #609] addi x22,x22,1
Register Write to Reg: 0x16 Val: 0x00000001
[inst #610] jal x0,-64
Register Write to Reg: 0x00 Val: 0x004000D4
[inst #611] blt x20,x6,8
[inst #612] blt x21,x7,8
[inst #613] slli x23,x20,2
Register Write to Reg: 0x17 Val: 0x00000004
[inst #614] add x23,x11,x23
Register Write to Reg: 0x17 Val: 0x10010008
[inst #615] lw x24,0(x23)
Register Write to Reg: 0x18 Val: 0x00000002
[inst #616] slli x25,x21,2
Register Write to Reg: 0x19 Val: 0x00000010
[inst #617] add x25,x11,x25
Register Write to Reg: 0x19 Val: 0x10010014
[inst #618] lw x26,0(x25)
Register Write to Reg: 0x1A Val: 0x00000003
[inst #619] blt x26,x24,28
[inst #620] slli x27,x22,2
Register Write to Reg: 0x1B Val: 0x00000004
[inst #621] add x27,x12,x27
Register Write to Reg: 0x1B Val: 0x10010028
[inst #622] sw x24,0(x27)
Memory Write to Addr: 0x10010028 Val: 0x00000002
[inst #623] addi x20,x20,1
Register Write to Reg: 0x14 Val: 0x00000002
[inst #624] addi x22,x22,1
Register Write to Reg: 0x16 Val: 0x00000002
[inst #625] jal x0,-64
Register Write to Reg: 0x00 Val: 0x004000D4
[inst #626] blt x20,x6,8
[inst #627] blt x21,x7,8
[inst #628] slli x23,x20,2
Register Write to Reg: 0x17 Val: 0x00000008
[inst #629] add x23,x11,x23
Register Write to Reg: 0x17 Val: 0x1001000C
[inst #630] lw x24,0(x23)
Register Write to Reg: 0x18 Val: 0x00000007
[inst #631] slli x25,x21,2
Register Write to Reg: 0x19 Val: 0x00000010
[inst #632] add x25,x11,x25
Register Write to Reg: 0x19 Val: 0x10010014
[inst #633] lw x26,0(x25)
Register Write to Reg: 0x1A Val: 0x00000003
[inst #634] blt x26,x24,28
[inst #635] slli x27,x22,2
Register Write to Reg: 0x1B Val: 0x00000008
[inst #636] add x27,x12,x27
Register Write to Reg: 0x1B Val: 0x1001002C
[inst #637] sw x26,0(x27)
Memory Write to Addr: 0x1001002C Val: 0x00000003
[inst #638] addi x21,x21,1
Register Write to Reg: 0x15 Val: 0x00000005
[inst #639] addi x22,x22,1
Register Write to Reg: 0x16 Val: 0x00000003
[inst #640] jal x0,-88
Register Write to Reg: 0x00 Val: 0x004000EC
[inst #641] blt x20,x6,8
[inst #642] blt x21,x7,8
[inst #643] slli x23,x20,2
Register Write to Reg: 0x17 Val: 0x00000008
[inst #644] add x23,x11,x23
Register Write to Reg: 0x17 Val: 0x1001000C
[inst #645] lw x24,0(x23)
Register Write to Reg: 0x18 Val: 0x00000007
[inst #646] slli x25,x21,2
Register Write to Reg: 0x19 Val: 0x00000014
[inst #647] add x25,x11,x25
Register Write to Reg: 0x19 Val: 0x10010018
[inst #648] lw x26,0(x25)
Register Write to Reg: 0x1A Val: 0x00000005
[inst #649] blt x26,x24,28
[inst #650] slli x27,x22,2
Register Write to Reg: 0x1B Val: 0x0000000C
[inst #651] add x27,x12,x27
Register Write to Reg: 0x1B Val: 0x10010030
[inst #652] sw x26,0(x27)
Memory Write to Addr: 0x10010030 Val: 0x00000005
[inst #653] addi x21,x21,1
Register Write to Reg: 0x15 Val: 0x00000006
[inst #654] addi x22,x22,1
Register Write to Reg: 0x16 Val: 0x00000004
[inst #655] jal x0,-88
Register Write to Reg: 0x00 Val: 0x004000EC
[inst #656] blt x20,x6,8
[inst #657] blt x21,x7,8
[inst #658] slli x23,x20,2
Register Write to Reg: 0x17 Val: 0x00000008
[inst #659] add x23,x11,x23
Register Write to Reg: 0x17 Val: 0x1001000C
[inst #660] lw x24,0(x23)
Register Write to Reg: 0x18 Val: 0x00000007
[inst #661] slli x25,x21,2
Register Write to Reg: 0x19 Val: 0x00000018
[inst #662] add x25,x11,x25
Register Write to Reg: 0x19 Val: 0x1001001C
[inst #663] lw x26,0(x25)
Register Write to Reg: 0x1A Val: 0x00000006
[inst #664] blt x26,x24,28
[inst #665] slli x27,x22,2
Register Write to Reg: 0x1B Val: 0x00000010
[inst #666] add x27,x12,x27
Register Write to Reg: 0x1B Val: 0x10010034
[inst #667] sw x26,0(x27)
Memory Write to Addr: 0x10010034 Val: 0x00000006
[inst #668] addi x21,x21,1
Register Write to Reg: 0x15 Val: 0x00000007
[inst #669] addi x22,x22,1
Register Write to Reg: 0x16 Val: 0x00000005
[inst #670] jal x0,-88
Register Write to Reg: 0x00 Val: 0x004000EC
[inst #671] blt x20,x6,8
[inst #672] blt x21,x7,8
[inst #673] slli x23,x20,2
Register Write to Reg: 0x17 Val: 0x00000008
[inst #674] add x23,x11,x23
Register Write to Reg: 0x17 Val: 0x1001000C
[inst #675] lw x24,0(x23)
Register Write to Reg: 0x18 Val: 0x00000007
[inst #676] slli x25,x21,2
Register Write to Reg: 0x19 Val: 0x0000001C
[inst #677] add x25,x11,x25
Register Write to Reg: 0x19 Val: 0x10010020
[inst #678] lw x26,0(x25)
Register Write to Reg: 0x1A Val: 0x00000008
[inst #679] blt x26,x24,28
[inst #680] slli x27,x22,2
Register Write to Reg: 0x1B Val: 0x00000014
[inst #681] add x27,x12,x27
Register Write to Reg: 0x1B Val: 0x10010038
[inst #682] sw x24,0(x27)
Memory Write to Addr: 0x10010038 Val: 0x00000007
[inst #683] addi x20,x20,1
Register Write to Reg: 0x14 Val: 0x00000003
[inst #684] addi x22,x22,1
Register Write to Reg: 0x16 Val: 0x00000006
[inst #685] jal x0,-64
Register Write to Reg: 0x00 Val: 0x004000D4
[inst #686] blt x20,x6,8
[inst #687] blt x21,x7,8
[inst #688] slli x23,x20,2
Register Write to Reg: 0x17 Val: 0x0000000C
[inst #689] add x23,x11,x23
Register Write to Reg: 0x17 Val: 0x10010010
[inst #690] lw x24,0(x23)
Register Write to Reg: 0x18 Val: 0x00000009
[inst #691] slli x25,x21,2
Register Write to Reg: 0x19 Val: 0x0000001C
[inst #692] add x25,x11,x25
Register Write to Reg: 0x19 Val: 0x10010020
[inst #693] lw x26,0(x25)
Register Write to Reg: 0x1A Val: 0x00000008
[inst #694] blt x26,x24,28
[inst #695] slli x27,x22,2
Register Write to Reg: 0x1B Val: 0x00000018
[inst #696] add x27,x12,x27
Register Write to Reg: 0x1B Val: 0x1001003C
[inst #697] sw x26,0(x27)
Memory Write to Addr: 0x1001003C Val: 0x00000008
[inst #698] addi x21,x21,1
Register Write to Reg: 0x15 Val: 0x00000008
[inst #699] addi x22,x22,1
Register Write to Reg: 0x16 Val: 0x00000007
[inst #700] jal x0,-88
Register Write to Reg: 0x00 Val: 0x004000EC
[inst #701] blt x20,x6,8
[inst #702] blt x21,x7,8
[inst #703] jal x0,80
Register Write to Reg: 0x00 Val: 0x004000A0
[inst #704] blt x20,x6,8
[inst #705] slli x23,x20,2
Register Write to Reg: 0x17 Val: 0x0000000C
[inst #706] add x23,x11,x23
Register Write to Reg: 0x17 Val: 0x10010010
[inst #707] lw x24,0(x23)
Register Write to Reg: 0x18 Val: 0x00000009
[inst #708] slli x27,x22,2
Register Write to Reg: 0x1B Val: 0x0000001C
[inst #709] add x27,x12,x27
Register Write to Reg: 0x1B Val: 0x10010040
[inst #710] sw x24,0(x27)
Memory Write to Addr: 0x10010040 Val: 0x00000009
[inst #711] addi x20,x20,1
Register Write to Reg: 0x14 Val: 0x00000004
[inst #712] addi x22,x22,1
Register Write to Reg: 0x16 Val: 0x00000008
[inst #713] jal x0,-40
Register Write to Reg: 0x00 Val: 0x00400118
[inst #714] blt x20,x6,8
[inst #715] jal x0,84
Register Write to Reg: 0x00 Val: 0x004000F4
[inst #716] addi x28,x0,0
Register Write to Reg: 0x1C Val: 0x00000000
[inst #717] slt x29,x28,x22
Register Write to Reg: 0x1D Val: 0x00000001
[inst #718] beq x29,x0,40
[inst #719] slli x30,x28,2
Register Write to Reg: 0x1E Val: 0x00000000
[inst #720] add x30,x12,x30
Register Write to Reg: 0x1E Val: 0x10010024
[inst #721] lw x31,0(x30)
Register Write to Reg: 0x1F Val: 0x00000001
[inst #722] add x30,x14,x28
Register Write to Reg: 0x1E Val: 0x00000000
[inst #723] slli x30,x30,2
Register Write to Reg: 0x1E Val: 0x00000000
[inst #724] add x30,x11,x30
Register Write to Reg: 0x1E Val: 0x10010004
[inst #725] sw x31,0(x30)
Memory Write to Addr: 0x10010004 Val: 0x00000001
[inst #726] addi x28,x28,1
Register Write to Reg: 0x1C Val: 0x00000001
[inst #727] jal x0,-40
Register Write to Reg: 0x00 Val: 0x00400174
[inst #728] slt x29,x28,x22
Register Write to Reg: 0x1D Val: 0x00000001
[inst #729] beq x29,x0,40
[inst #730] slli x30,x28,2
Register Write to Reg: 0x1E Val: 0x00000004
[inst #731] add x30,x12,x30
Register Write to Reg: 0x1E Val: 0x10010028
[inst #732] lw x31,0(x30)
Register Write to Reg: 0x1F Val: 0x00000002
[inst #733] add x30,x14,x28
Register Write to Reg: 0x1E Val: 0x00000001
[inst #734] slli x30,x30,2
Register Write to Reg: 0x1E Val: 0x00000004
[inst #735] add x30,x11,x30
Register Write to Reg: 0x1E Val: 0x10010008
[inst #736] sw x31,0(x30)
Memory Write to Addr: 0x10010008 Val: 0x00000002
[inst #737] addi x28,x28,1
Register Write to Reg: 0x1C Val: 0x00000002
[inst #738] jal x0,-40
Register Write to Reg: 0x00 Val: 0x00400174
[inst #739] slt x29,x28,x22
Register Write to Reg: 0x1D Val: 0x00000001
[inst #740] beq x29,x0,40
[inst #741] slli x30,x28,2
Register Write to Reg: 0x1E Val: 0x00000008
[inst #742] add x30,x12,x30
Register Write to Reg: 0x1E Val: 0x1001002C
[inst #743] lw x31,0(x30)
Register Write to Reg: 0x1F Val: 0x00000003
[inst #744] add x30,x14,x28
Register Write to Reg: 0x1E Val: 0x00000002
[inst #745] slli x30,x30,2
Register Write to Reg: 0x1E Val: 0x00000008
[inst #746] add x30,x11,x30
Register Write to Reg: 0x1E Val: 0x1001000C
[inst #747] sw x31,0(x30)
Memory Write to Addr: 0x1001000C Val: 0x00000003
[inst #748] addi x28,x28,1
Register Write to Reg: 0x1C Val: 0x00000003
[inst #749] jal x0,-40
Register Write to Reg: 0x00 Val: 0x00400174
[inst #750] slt x29,x28,x22
Register Write to Reg: 0x1D Val: 0x00000001
[inst #751] beq x29,x0,40
[inst #752] slli x30,x28,2
Register Write to Reg: 0x1E Val: 0x0000000C
[inst #753] add x30,x12,x30
Register Write to Reg: 0x1E Val: 0x10010030
[inst #754] lw x31,0(x30)
Register Write to Reg: 0x1F Val: 0x00000005
[inst #755] add x30,x14,x28
Register Write to Reg: 0x1E Val: 0x00000003
[inst #756] slli x30,x30,2
Register Write to Reg: 0x1E Val: 0x0000000C
[inst #757] add x30,x11,x30
Register Write to Reg: 0x1E Val: 0x10010010
[inst #758] sw x31,0(x30)
Memory Write to Addr: 0x10010010 Val: 0x00000005
[inst #759] addi x28,x28,1
Register Write to Reg: 0x1C Val: 0x00000004
[inst #760] jal x0,-40
Register Write to Reg: 0x00 Val: 0x00400174
[inst #761] slt x29,x28,x22
Register Write to Reg: 0x1D Val: 0x00000001
[inst #762] beq x29,x0,40
[inst #763] slli x30,x28,2
Register Write to Reg: 0x1E Val: 0x00000010
[inst #764] add x30,x12,x30
Register Write to Reg: 0x1E Val: 0x10010034
[inst #765] lw x31,0(x30)
Register Write to Reg: 0x1F Val: 0x00000006
[inst #766] add x30,x14,x28
Register Write to Reg: 0x1E Val: 0x00000004
[inst #767] slli x30,x30,2
Register Write to Reg: 0x1E Val: 0x00000010
[inst #768] add x30,x11,x30
Register Write to Reg: 0x1E Val: 0x10010014
[inst #769] sw x31,0(x30)
Memory Write to Addr: 0x10010014 Val: 0x00000006
[inst #770] addi x28,x28,1
Register Write to Reg: 0x1C Val: 0x00000005
[inst #771] jal x0,-40
Register Write to Reg: 0x00 Val: 0x00400174
[inst #772] slt x29,x28,x22
Register Write to Reg: 0x1D Val: 0x00000001
[inst #773] beq x29,x0,40
[inst #774] slli x30,x28,2
Register Write to Reg: 0x1E Val: 0x00000014
[inst #775] add x30,x12,x30
Register Write to Reg: 0x1E Val: 0x10010038
[inst #776] lw x31,0(x30)
Register Write to Reg: 0x1F Val: 0x00000007
[inst #777] add x30,x14,x28
Register Write to Reg: 0x1E Val: 0x00000005
[inst #778] slli x30,x30,2
Register Write to Reg: 0x1E Val: 0x00000014
[inst #779] add x30,x11,x30
Register Write to Reg: 0x1E Val: 0x10010018
[inst #780] sw x31,0(x30)
Memory Write to Addr: 0x10010018 Val: 0x00000007
[inst #781] addi x28,x28,1
Register Write to Reg: 0x1C Val: 0x00000006
[inst #782] jal x0,-40
Register Write to Reg: 0x00 Val: 0x00400174
[inst #783] slt x29,x28,x22
Register Write to Reg: 0x1D Val: 0x00000001
[inst #784] beq x29,x0,40
[inst #785] slli x30,x28,2
Register Write to Reg: 0x1E Val: 0x00000018
[inst #786] add x30,x12,x30
Register Write to Reg: 0x1E Val: 0x1001003C
[inst #787] lw x31,0(x30)
Register Write to Reg: 0x1F Val: 0x00000008
[inst #788] add x30,x14,x28
Register Write to Reg: 0x1E Val: 0x00000006
[inst #789] slli x30,x30,2
Register Write to Reg: 0x1E Val: 0x00000018
[inst #790] add x30,x11,x30
Register Write to Reg: 0x1E Val: 0x1001001C
[inst #791] sw x31,0(x30)
Memory Write to Addr: 0x1001001C Val: 0x00000008
[inst #792] addi x28,x28,1
Register Write to Reg: 0x1C Val: 0x00000007
[inst #793] jal x0,-40
Register Write to Reg: 0x00 Val: 0x00400174
[inst #794] slt x29,x28,x22
Register Write to Reg: 0x1D Val: 0x00000001
[inst #795] beq x29,x0,40
[inst #796] slli x30,x28,2
Register Write to Reg: 0x1E Val: 0x0000001C
[inst #797] add x30,x12,x30
Register Write to Reg: 0x1E Val: 0x10010040
[inst #798] lw x31,0(x30)
Register Write to Reg: 0x1F Val: 0x00000009
[inst #799] add x30,x14,x28
Register Write to Reg: 0x1E Val: 0x00000007
[inst #800] slli x30,x30,2
Register Write to Reg: 0x1E Val: 0x0000001C
[inst #801] add x30,x11,x30
Register Write to Reg: 0x1E Val: 0x10010020
[inst #802] sw x31,0(x30)
Memory Write to Addr: 0x10010020 Val: 0x00000009
[inst #803] addi x28,x28,1
Register Write to Reg: 0x1C Val: 0x00000008
[inst #804] jal x0,-40
Register Write to Reg: 0x00 Val: 0x00400174
[inst #805] slt x29,x28,x22
Register Write to Reg: 0x1D Val: 0x00000000
[inst #806] beq x29,x0,40
[inst #807] jalr x0,x1,0
Register Write to Reg: 0x00 Val: 0x00400178
[inst #808] slli x19,x13,1
Register Write to Reg: 0x13 Val: 0x00000008
[inst #809] add x14,x14,x19
Register Write to Reg: 0x0E Val: 0x00000008
[inst #810] jal x0,-60
Register Write to Reg: 0x00 Val: 0x00400074
[inst #811] addi x15,x10,-1
Register Write to Reg: 0x0F Val: 0x00000007
[inst #812] bge x14,x15,60
[inst #813] slli x13,x13,1
Register Write to Reg: 0x0D Val: 0x00000008
[inst #814] jal x0,-80
Register Write to Reg: 0x00 Val: 0x0040007C
[inst #815] blt x13,x10,8
[inst #816] jal x0,332
Register Write to Reg: 0x00 Val: 0x00400030
[inst #817] wfi 

Program terminated by dropping off the bottom.
