QuestaSim-64 vcom 2025.1_2 Compiler 2025.04 Apr  7 2025
Start time: 15:50:27 on Nov 11,2025
vcom -2008 -work internal/ModelSimContainer/work proj/src/RISCV_types.vhd internal/testpy/tb.vhd proj/src/RISCV_types.vhd proj/src/TopLevel/mux2t1.vhd proj/src/TopLevel/BarrelShifter32.vhd proj/src/TopLevel/IFID_Register.vhd proj/src/TopLevel/andg2.vhd proj/src/TopLevel/fetch.vhd proj/src/TopLevel/tb_MEM_WB.vhd proj/src/TopLevel/mux4t1_N.vhd proj/src/TopLevel/EX_MEM.vhd proj/src/TopLevel/RegN.vhd proj/src/TopLevel/immGen.vhd proj/src/TopLevel/mux32to1_32bit.vhd proj/src/TopLevel/decoder5to32.vhd proj/src/TopLevel/ID_EXE.vhd proj/src/TopLevel/invg.vhd proj/src/TopLevel/RegFile.vhd proj/src/TopLevel/mux2t1_N.vhd proj/src/TopLevel/sign_extenderNto32.vhd proj/src/TopLevel/MEM_WB.vhd proj/src/TopLevel/tb_IFID_Register.vhd proj/src/TopLevel/tb_EX_MEM.vhd proj/src/TopLevel/org2.vhd proj/src/TopLevel/dffg.vhd proj/src/TopLevel/RISCV_Processor.vhd proj/src/TopLevel/loadType.vhd proj/src/TopLevel/ALU.vhd proj/src/TopLevel/tb_ID_EXE.vhd proj/src/TopLevel/ripple_adder_N.vhd proj/src/TopLevel/control_unit.vhd proj/src/TopLevel/mem.vhd proj/src/TopLevel/ones_complementor_N.vhd proj/src/TopLevel/adder_subtractor_N.vhd proj/src/TopLevel/RISCV_types.vhd proj/src/TopLevel/full_adder.vhd 
-- Loading package STANDARD
-- Loading package TEXTIO
-- Loading package std_logic_1164
** Warning: proj/src/RISCV_types.vhd(15): (vcom-1615) Existing package 'RISCV_types' at /home/teoh/cpre381/cpre3810_Proj1/cpre3810-toolflow/proj/src/TopLevel/RISCV_types.vhd(15) will be overwritten.
-- Compiling package RISCV_types
-- Compiling package body RISCV_types
-- Loading package RISCV_types
-- Loading package std_logic_textio
-- Loading package ENV
** Warning: internal/testpy/tb.vhd(24): (vcom-1615) Existing entity 'tb' at /home/teoh/cpre381/cpre3810_Proj1/cpre3810-toolflow/internal/testpy/tb.vhd(24) will be overwritten.
-- Compiling entity tb
** Warning: internal/testpy/tb.vhd(31): (vcom-1615) Existing architecture 'tb(mixed)' at /home/teoh/cpre381/cpre3810_Proj1/cpre3810-toolflow/internal/testpy/tb.vhd(31) will be overwritten.
-- Compiling architecture mixed of tb
** Warning: proj/src/RISCV_types.vhd(15): (vcom-1615) Existing package 'RISCV_types' at line 18 will be overwritten.
-- Compiling package RISCV_types
** Warning: proj/src/RISCV_types.vhd(29): (vcom-1615) Existing package body 'RISCV_types(body)' at line 29 will be overwritten.
-- Compiling package body RISCV_types
-- Loading package RISCV_types
-- Loading package NUMERIC_STD
** Warning: proj/src/TopLevel/mux2t1.vhd(5): (vcom-1615) Existing entity 'mux2t1' at /home/teoh/cpre381/cpre3810_Proj1/cpre3810-toolflow/proj/src/TopLevel/mux2t1.vhd(5) will be overwritten.
-- Compiling entity mux2t1
** Warning: proj/src/TopLevel/mux2t1.vhd(13): (vcom-1615) Existing architecture 'mux2t1(structure)' at /home/teoh/cpre381/cpre3810_Proj1/cpre3810-toolflow/proj/src/TopLevel/mux2t1.vhd(13) will be overwritten.
-- Compiling architecture structure of mux2t1
** Warning: proj/src/TopLevel/BarrelShifter32.vhd(10): (vcom-1615) Existing entity 'BarrelShifter32' at /home/teoh/cpre381/cpre3810_Proj1/cpre3810-toolflow/proj/src/TopLevel/BarrelShifter32.vhd(10) will be overwritten.
-- Compiling entity BarrelShifter32
** Warning: proj/src/TopLevel/BarrelShifter32.vhd(20): (vcom-1615) Existing architecture 'BarrelShifter32(rtl)' at /home/teoh/cpre381/cpre3810_Proj1/cpre3810-toolflow/proj/src/TopLevel/BarrelShifter32.vhd(20) will be overwritten.
-- Compiling architecture rtl of BarrelShifter32
-- Compiling entity IFID_Register
-- Compiling architecture structure of IFID_Register
** Warning: proj/src/TopLevel/andg2.vhd(23): (vcom-1615) Existing entity 'andg2' at /home/teoh/cpre381/cpre3810_Proj1/cpre3810-toolflow/proj/src/TopLevel/andg2.vhd(23) will be overwritten.
-- Compiling entity andg2
** Warning: proj/src/TopLevel/andg2.vhd(31): (vcom-1615) Existing architecture 'andg2(dataflow)' at /home/teoh/cpre381/cpre3810_Proj1/cpre3810-toolflow/proj/src/TopLevel/andg2.vhd(31) will be overwritten.
-- Compiling architecture dataflow of andg2
** Warning: proj/src/TopLevel/fetch.vhd(5): (vcom-1615) Existing entity 'fetch' at /home/teoh/cpre381/cpre3810_Proj1/cpre3810-toolflow/proj/src/TopLevel/fetch.vhd(5) will be overwritten.
-- Compiling entity fetch
** Warning: proj/src/TopLevel/fetch.vhd(16): (vcom-1615) Existing architecture 'fetch(structure)' at /home/teoh/cpre381/cpre3810_Proj1/cpre3810-toolflow/proj/src/TopLevel/fetch.vhd(16) will be overwritten.
-- Compiling architecture structure of fetch
-- Compiling entity tb_MEM_WB
-- Compiling architecture tb of tb_MEM_WB
** Error: (vcom-11) Could not find work.mem_wb.
** Error (suppressible): proj/src/TopLevel/tb_MEM_WB.vhd(49): (vcom-1195) Cannot find expanded name "work.MEM_WB".
** Error: proj/src/TopLevel/tb_MEM_WB.vhd(49): Unknown expanded name.
** Note: proj/src/TopLevel/tb_MEM_WB.vhd(128): VHDL Compiler exiting
End time: 15:50:27 on Nov 11,2025, Elapsed time: 0:00:00
Errors: 3, Warnings: 13
