In clock cycle: 6
Register Write to Reg: 0x00 Val: 0x00000000
In clock cycle: 7
Register Write to Reg: 0x02 Val: 0xFFFFFFF9
In clock cycle: 8
Register Write to Reg: 0x03 Val: 0xFFFFFFF9
In clock cycle: 11
Register Write to Reg: 0x00 Val: 0x00000000
In clock cycle: 12
Register Write to Reg: 0x05 Val: 0x000007FF
In clock cycle: 13
Register Write to Reg: 0x06 Val: 0x000007FF
In clock cycle: 16
Register Write to Reg: 0x00 Val: 0x00000000
In clock cycle: 17
Register Write to Reg: 0x08 Val: 0xFFFFF800
In clock cycle: 18
Register Write to Reg: 0x09 Val: 0xFFFFF800
In clock cycle: 21
Register Write to Reg: 0x00 Val: 0x00000000
In clock cycle: 22
Register Write to Reg: 0x0B Val: 0x00000001
Execution is stopping! Clock Cycle: 23
