[inst #1] auipc x8,64528
Register Write to Reg: 0x08 Val: 0x10010000
[inst #2] addi x8,x8,0
Register Write to Reg: 0x08 Val: 0x10010000
[inst #3] auipc x21,64528
Register Write to Reg: 0x15 Val: 0x10010008
[inst #4] addi x21,x21,68
Register Write to Reg: 0x15 Val: 0x1001004C
[inst #5] lw x21,0(x21)
Register Write to Reg: 0x15 Val: 0x00000013
[inst #6] addi x18,x0,1
Register Write to Reg: 0x12 Val: 0x00000001
[inst #7] sw x18,0(x8)
Memory Write to Addr: 0x10010000 Val: 0x00000001
[inst #8] sw x18,4(x8)
Memory Write to Addr: 0x10010004 Val: 0x00000001
[inst #9] addi x9,x21,-2
Register Write to Reg: 0x09 Val: 0x00000011
[inst #10] lw x19,0(x8)
Register Write to Reg: 0x13 Val: 0x00000001
[inst #11] lw x20,4(x8)
Register Write to Reg: 0x14 Val: 0x00000001
[inst #12] add x18,x19,x20
Register Write to Reg: 0x12 Val: 0x00000002
[inst #13] sw x18,8(x8)
Memory Write to Addr: 0x10010008 Val: 0x00000002
[inst #14] addi x8,x8,4
Register Write to Reg: 0x08 Val: 0x10010004
[inst #15] addi x9,x9,-1
Register Write to Reg: 0x09 Val: 0x00000010
[inst #16] bne x9,x0,-24
[inst #17] lw x19,0(x8)
Register Write to Reg: 0x13 Val: 0x00000001
[inst #18] lw x20,4(x8)
Register Write to Reg: 0x14 Val: 0x00000002
[inst #19] add x18,x19,x20
Register Write to Reg: 0x12 Val: 0x00000003
[inst #20] sw x18,8(x8)
Memory Write to Addr: 0x1001000C Val: 0x00000003
[inst #21] addi x8,x8,4
Register Write to Reg: 0x08 Val: 0x10010008
[inst #22] addi x9,x9,-1
Register Write to Reg: 0x09 Val: 0x0000000F
[inst #23] bne x9,x0,-24
[inst #24] lw x19,0(x8)
Register Write to Reg: 0x13 Val: 0x00000002
[inst #25] lw x20,4(x8)
Register Write to Reg: 0x14 Val: 0x00000003
[inst #26] add x18,x19,x20
Register Write to Reg: 0x12 Val: 0x00000005
[inst #27] sw x18,8(x8)
Memory Write to Addr: 0x10010010 Val: 0x00000005
[inst #28] addi x8,x8,4
Register Write to Reg: 0x08 Val: 0x1001000C
[inst #29] addi x9,x9,-1
Register Write to Reg: 0x09 Val: 0x0000000E
[inst #30] bne x9,x0,-24
[inst #31] lw x19,0(x8)
Register Write to Reg: 0x13 Val: 0x00000003
[inst #32] lw x20,4(x8)
Register Write to Reg: 0x14 Val: 0x00000005
[inst #33] add x18,x19,x20
Register Write to Reg: 0x12 Val: 0x00000008
[inst #34] sw x18,8(x8)
Memory Write to Addr: 0x10010014 Val: 0x00000008
[inst #35] addi x8,x8,4
Register Write to Reg: 0x08 Val: 0x10010010
[inst #36] addi x9,x9,-1
Register Write to Reg: 0x09 Val: 0x0000000D
[inst #37] bne x9,x0,-24
[inst #38] lw x19,0(x8)
Register Write to Reg: 0x13 Val: 0x00000005
[inst #39] lw x20,4(x8)
Register Write to Reg: 0x14 Val: 0x00000008
[inst #40] add x18,x19,x20
Register Write to Reg: 0x12 Val: 0x0000000D
[inst #41] sw x18,8(x8)
Memory Write to Addr: 0x10010018 Val: 0x0000000D
[inst #42] addi x8,x8,4
Register Write to Reg: 0x08 Val: 0x10010014
[inst #43] addi x9,x9,-1
Register Write to Reg: 0x09 Val: 0x0000000C
[inst #44] bne x9,x0,-24
[inst #45] lw x19,0(x8)
Register Write to Reg: 0x13 Val: 0x00000008
[inst #46] lw x20,4(x8)
Register Write to Reg: 0x14 Val: 0x0000000D
[inst #47] add x18,x19,x20
Register Write to Reg: 0x12 Val: 0x00000015
[inst #48] sw x18,8(x8)
Memory Write to Addr: 0x1001001C Val: 0x00000015
[inst #49] addi x8,x8,4
Register Write to Reg: 0x08 Val: 0x10010018
[inst #50] addi x9,x9,-1
Register Write to Reg: 0x09 Val: 0x0000000B
[inst #51] bne x9,x0,-24
[inst #52] lw x19,0(x8)
Register Write to Reg: 0x13 Val: 0x0000000D
[inst #53] lw x20,4(x8)
Register Write to Reg: 0x14 Val: 0x00000015
[inst #54] add x18,x19,x20
Register Write to Reg: 0x12 Val: 0x00000022
[inst #55] sw x18,8(x8)
Memory Write to Addr: 0x10010020 Val: 0x00000022
[inst #56] addi x8,x8,4
Register Write to Reg: 0x08 Val: 0x1001001C
[inst #57] addi x9,x9,-1
Register Write to Reg: 0x09 Val: 0x0000000A
[inst #58] bne x9,x0,-24
[inst #59] lw x19,0(x8)
Register Write to Reg: 0x13 Val: 0x00000015
[inst #60] lw x20,4(x8)
Register Write to Reg: 0x14 Val: 0x00000022
[inst #61] add x18,x19,x20
Register Write to Reg: 0x12 Val: 0x00000037
[inst #62] sw x18,8(x8)
Memory Write to Addr: 0x10010024 Val: 0x00000037
[inst #63] addi x8,x8,4
Register Write to Reg: 0x08 Val: 0x10010020
[inst #64] addi x9,x9,-1
Register Write to Reg: 0x09 Val: 0x00000009
[inst #65] bne x9,x0,-24
[inst #66] lw x19,0(x8)
Register Write to Reg: 0x13 Val: 0x00000022
[inst #67] lw x20,4(x8)
Register Write to Reg: 0x14 Val: 0x00000037
[inst #68] add x18,x19,x20
Register Write to Reg: 0x12 Val: 0x00000059
[inst #69] sw x18,8(x8)
Memory Write to Addr: 0x10010028 Val: 0x00000059
[inst #70] addi x8,x8,4
Register Write to Reg: 0x08 Val: 0x10010024
[inst #71] addi x9,x9,-1
Register Write to Reg: 0x09 Val: 0x00000008
[inst #72] bne x9,x0,-24
[inst #73] lw x19,0(x8)
Register Write to Reg: 0x13 Val: 0x00000037
[inst #74] lw x20,4(x8)
Register Write to Reg: 0x14 Val: 0x00000059
[inst #75] add x18,x19,x20
Register Write to Reg: 0x12 Val: 0x00000090
[inst #76] sw x18,8(x8)
Memory Write to Addr: 0x1001002C Val: 0x00000090
[inst #77] addi x8,x8,4
Register Write to Reg: 0x08 Val: 0x10010028
[inst #78] addi x9,x9,-1
Register Write to Reg: 0x09 Val: 0x00000007
[inst #79] bne x9,x0,-24
[inst #80] lw x19,0(x8)
Register Write to Reg: 0x13 Val: 0x00000059
[inst #81] lw x20,4(x8)
Register Write to Reg: 0x14 Val: 0x00000090
[inst #82] add x18,x19,x20
Register Write to Reg: 0x12 Val: 0x000000E9
[inst #83] sw x18,8(x8)
Memory Write to Addr: 0x10010030 Val: 0x000000E9
[inst #84] addi x8,x8,4
Register Write to Reg: 0x08 Val: 0x1001002C
[inst #85] addi x9,x9,-1
Register Write to Reg: 0x09 Val: 0x00000006
[inst #86] bne x9,x0,-24
[inst #87] lw x19,0(x8)
Register Write to Reg: 0x13 Val: 0x00000090
[inst #88] lw x20,4(x8)
Register Write to Reg: 0x14 Val: 0x000000E9
[inst #89] add x18,x19,x20
Register Write to Reg: 0x12 Val: 0x00000179
[inst #90] sw x18,8(x8)
Memory Write to Addr: 0x10010034 Val: 0x00000179
[inst #91] addi x8,x8,4
Register Write to Reg: 0x08 Val: 0x10010030
[inst #92] addi x9,x9,-1
Register Write to Reg: 0x09 Val: 0x00000005
[inst #93] bne x9,x0,-24
[inst #94] lw x19,0(x8)
Register Write to Reg: 0x13 Val: 0x000000E9
[inst #95] lw x20,4(x8)
Register Write to Reg: 0x14 Val: 0x00000179
[inst #96] add x18,x19,x20
Register Write to Reg: 0x12 Val: 0x00000262
[inst #97] sw x18,8(x8)
Memory Write to Addr: 0x10010038 Val: 0x00000262
[inst #98] addi x8,x8,4
Register Write to Reg: 0x08 Val: 0x10010034
[inst #99] addi x9,x9,-1
Register Write to Reg: 0x09 Val: 0x00000004
[inst #100] bne x9,x0,-24
[inst #101] lw x19,0(x8)
Register Write to Reg: 0x13 Val: 0x00000179
[inst #102] lw x20,4(x8)
Register Write to Reg: 0x14 Val: 0x00000262
[inst #103] add x18,x19,x20
Register Write to Reg: 0x12 Val: 0x000003DB
[inst #104] sw x18,8(x8)
Memory Write to Addr: 0x1001003C Val: 0x000003DB
[inst #105] addi x8,x8,4
Register Write to Reg: 0x08 Val: 0x10010038
[inst #106] addi x9,x9,-1
Register Write to Reg: 0x09 Val: 0x00000003
[inst #107] bne x9,x0,-24
[inst #108] lw x19,0(x8)
Register Write to Reg: 0x13 Val: 0x00000262
[inst #109] lw x20,4(x8)
Register Write to Reg: 0x14 Val: 0x000003DB
[inst #110] add x18,x19,x20
Register Write to Reg: 0x12 Val: 0x0000063D
[inst #111] sw x18,8(x8)
Memory Write to Addr: 0x10010040 Val: 0x0000063D
[inst #112] addi x8,x8,4
Register Write to Reg: 0x08 Val: 0x1001003C
[inst #113] addi x9,x9,-1
Register Write to Reg: 0x09 Val: 0x00000002
[inst #114] bne x9,x0,-24
[inst #115] lw x19,0(x8)
Register Write to Reg: 0x13 Val: 0x000003DB
[inst #116] lw x20,4(x8)
Register Write to Reg: 0x14 Val: 0x0000063D
[inst #117] add x18,x19,x20
Register Write to Reg: 0x12 Val: 0x00000A18
[inst #118] sw x18,8(x8)
Memory Write to Addr: 0x10010044 Val: 0x00000A18
[inst #119] addi x8,x8,4
Register Write to Reg: 0x08 Val: 0x10010040
[inst #120] addi x9,x9,-1
Register Write to Reg: 0x09 Val: 0x00000001
[inst #121] bne x9,x0,-24
[inst #122] lw x19,0(x8)
Register Write to Reg: 0x13 Val: 0x0000063D
[inst #123] lw x20,4(x8)
Register Write to Reg: 0x14 Val: 0x00000A18
[inst #124] add x18,x19,x20
Register Write to Reg: 0x12 Val: 0x00001055
[inst #125] sw x18,8(x8)
Memory Write to Addr: 0x10010048 Val: 0x00001055
[inst #126] addi x8,x8,4
Register Write to Reg: 0x08 Val: 0x10010044
[inst #127] addi x9,x9,-1
Register Write to Reg: 0x09 Val: 0x00000000
[inst #128] bne x9,x0,-24
[inst #129] wfi 

Program terminated by dropping off the bottom.
